[19:29:24] [ServerMain/INFO]: Environment: authHost='https://authserver.mojang.com', accountsHost='https://api.mojang.com', sessionHost='https://sessionserver.mojang.com', servicesHost='https://api.minecraftservices.com', name='PROD'
[19:29:25] [ServerMain/INFO]: Reloading ResourceManager: Default, bukkit
[19:29:25] [Worker-Main-13/INFO]: Loaded 7 recipes
[19:29:27] [Server thread/INFO]: Starting minecraft server version 1.18.1
[19:29:27] [Server thread/INFO]: Loading properties
[19:29:27] [Server thread/INFO]: This server is running CraftBukkit version 3384-Spigot-78a14d9-b8a25cb (MC: 1.18.1) (Implementing API version 1.18.1-R0.1-SNAPSHOT)
[19:29:27] [Server thread/INFO]: Debug logging is disabled
[19:29:27] [Server thread/INFO]: Server Ping Player Sample Count: 12
[19:29:27] [Server thread/INFO]: Using 4 threads for Netty based IO
[19:29:27] [Server thread/INFO]: Default game type: SURVIVAL
[19:29:27] [Server thread/INFO]: Generating keypair
[19:29:28] [Server thread/INFO]: Starting Minecraft server on *:25566
[19:29:28] [Server thread/INFO]: Using default channel type
[19:29:29] [Server thread/INFO]: [EasyCraftAPI] Loading EasyCraftAPI v1.2
[19:29:29] [Server thread/INFO]: [Oxyo-Core] Loading Oxyo-Core v2.0.0
[19:29:29] [Server thread/INFO]: Preparing level "world"
[19:29:29] [Server thread/INFO]: -------- World Settings For [world] --------
[19:29:29] [Server thread/INFO]: Allow Zombie Pigmen to spawn from portal blocks: true
[19:29:29] [Server thread/INFO]: Item Merge Radius: 2.5
[19:29:29] [Server thread/INFO]: Item Despawn Rate: 6000
[19:29:29] [Server thread/INFO]: Simulation Distance: 10
[19:29:29] [Server thread/INFO]: View Distance: 10
[19:29:29] [Server thread/INFO]: Arrow Despawn Rate: 1200 Trident Respawn Rate:1200
[19:29:29] [Server thread/INFO]: Nerfing mobs spawned from spawners: false
[19:29:29] [Server thread/INFO]: Zombie Aggressive Towards Villager: true
[19:29:29] [Server thread/INFO]: Experience Merge Radius: 3.0
[19:29:29] [Server thread/INFO]: Mob Spawn Range: 6
[19:29:29] [Server thread/INFO]: Cactus Growth Modifier: 100%
[19:29:29] [Server thread/INFO]: Cane Growth Modifier: 100%
[19:29:29] [Server thread/INFO]: Melon Growth Modifier: 100%
[19:29:29] [Server thread/INFO]: Mushroom Growth Modifier: 100%
[19:29:29] [Server thread/INFO]: Pumpkin Growth Modifier: 100%
[19:29:29] [Server thread/INFO]: Sapling Growth Modifier: 100%
[19:29:29] [Server thread/INFO]: Beetroot Growth Modifier: 100%
[19:29:29] [Server thread/INFO]: Carrot Growth Modifier: 100%
[19:29:29] [Server thread/INFO]: Potato Growth Modifier: 100%
[19:29:29] [Server thread/INFO]: Wheat Growth Modifier: 100%
[19:29:29] [Server thread/INFO]: NetherWart Growth Modifier: 100%
[19:29:29] [Server thread/INFO]: Vine Growth Modifier: 100%
[19:29:29] [Server thread/INFO]: Cocoa Growth Modifier: 100%
[19:29:29] [Server thread/INFO]: Bamboo Growth Modifier: 100%
[19:29:29] [Server thread/INFO]: SweetBerry Growth Modifier: 100%
[19:29:29] [Server thread/INFO]: Kelp Growth Modifier: 100%
[19:29:29] [Server thread/INFO]: Entity Activation Range: An 32 / Mo 32 / Ra 48 / Mi 16 / Tiv true
[19:29:29] [Server thread/INFO]: Entity Tracking Range: Pl 48 / An 48 / Mo 48 / Mi 32 / Other 64
[19:29:29] [Server thread/INFO]: Hopper Transfer: 8 Hopper Check: 1 Hopper Amount: 1
[19:29:29] [Server thread/INFO]: Custom Map Seeds:  Village: 10387312 Desert: 14357617 Igloo: 14357618 Jungle: 14357619 Swamp: 14357620 Monument: 10387313 Ocean: 14357621 Shipwreck: 165745295 End City: 10387313 Slime: 987234911 Bastion: 30084232 Fortress: 30084232 Mansion: 10387319 Fossil: 14357921 Portal: 34222645
[19:29:29] [Server thread/INFO]: Max TNT Explosions: 100
[19:29:29] [Server thread/INFO]: Tile Max Tick Time: 50ms Entity max Tick Time: 50ms
[19:29:29] [Server thread/INFO]: -------- World Settings For [world_nether] --------
[19:29:29] [Server thread/INFO]: Allow Zombie Pigmen to spawn from portal blocks: true
[19:29:29] [Server thread/INFO]: Item Merge Radius: 2.5
[19:29:29] [Server thread/INFO]: Item Despawn Rate: 6000
[19:29:29] [Server thread/INFO]: Simulation Distance: 10
[19:29:29] [Server thread/INFO]: View Distance: 10
[19:29:29] [Server thread/INFO]: Arrow Despawn Rate: 1200 Trident Respawn Rate:1200
[19:29:29] [Server thread/INFO]: Nerfing mobs spawned from spawners: false
[19:29:29] [Server thread/INFO]: Zombie Aggressive Towards Villager: true
[19:29:29] [Server thread/INFO]: Experience Merge Radius: 3.0
[19:29:29] [Server thread/INFO]: Mob Spawn Range: 6
[19:29:29] [Server thread/INFO]: Cactus Growth Modifier: 100%
[19:29:29] [Server thread/INFO]: Cane Growth Modifier: 100%
[19:29:29] [Server thread/INFO]: Melon Growth Modifier: 100%
[19:29:29] [Server thread/INFO]: Mushroom Growth Modifier: 100%
[19:29:29] [Server thread/INFO]: Pumpkin Growth Modifier: 100%
[19:29:29] [Server thread/INFO]: Sapling Growth Modifier: 100%
[19:29:29] [Server thread/INFO]: Beetroot Growth Modifier: 100%
[19:29:29] [Server thread/INFO]: Carrot Growth Modifier: 100%
[19:29:29] [Server thread/INFO]: Potato Growth Modifier: 100%
[19:29:29] [Server thread/INFO]: Wheat Growth Modifier: 100%
[19:29:29] [Server thread/INFO]: NetherWart Growth Modifier: 100%
[19:29:29] [Server thread/INFO]: Vine Growth Modifier: 100%
[19:29:29] [Server thread/INFO]: Cocoa Growth Modifier: 100%
[19:29:29] [Server thread/INFO]: Bamboo Growth Modifier: 100%
[19:29:29] [Server thread/INFO]: SweetBerry Growth Modifier: 100%
[19:29:29] [Server thread/INFO]: Kelp Growth Modifier: 100%
[19:29:29] [Server thread/INFO]: Entity Activation Range: An 32 / Mo 32 / Ra 48 / Mi 16 / Tiv true
[19:29:29] [Server thread/INFO]: Entity Tracking Range: Pl 48 / An 48 / Mo 48 / Mi 32 / Other 64
[19:29:29] [Server thread/INFO]: Hopper Transfer: 8 Hopper Check: 1 Hopper Amount: 1
[19:29:29] [Server thread/INFO]: Custom Map Seeds:  Village: 10387312 Desert: 14357617 Igloo: 14357618 Jungle: 14357619 Swamp: 14357620 Monument: 10387313 Ocean: 14357621 Shipwreck: 165745295 End City: 10387313 Slime: 987234911 Bastion: 30084232 Fortress: 30084232 Mansion: 10387319 Fossil: 14357921 Portal: 34222645
[19:29:29] [Server thread/INFO]: Max TNT Explosions: 100
[19:29:29] [Server thread/INFO]: Tile Max Tick Time: 50ms Entity max Tick Time: 50ms
[19:29:29] [Server thread/INFO]: -------- World Settings For [world_the_end] --------
[19:29:29] [Server thread/INFO]: Allow Zombie Pigmen to spawn from portal blocks: true
[19:29:29] [Server thread/INFO]: Item Merge Radius: 2.5
[19:29:29] [Server thread/INFO]: Item Despawn Rate: 6000
[19:29:29] [Server thread/INFO]: Simulation Distance: 10
[19:29:29] [Server thread/INFO]: View Distance: 10
[19:29:29] [Server thread/INFO]: Arrow Despawn Rate: 1200 Trident Respawn Rate:1200
[19:29:29] [Server thread/INFO]: Nerfing mobs spawned from spawners: false
[19:29:29] [Server thread/INFO]: Zombie Aggressive Towards Villager: true
[19:29:29] [Server thread/INFO]: Experience Merge Radius: 3.0
[19:29:29] [Server thread/INFO]: Mob Spawn Range: 6
[19:29:29] [Server thread/INFO]: Cactus Growth Modifier: 100%
[19:29:29] [Server thread/INFO]: Cane Growth Modifier: 100%
[19:29:29] [Server thread/INFO]: Melon Growth Modifier: 100%
[19:29:29] [Server thread/INFO]: Mushroom Growth Modifier: 100%
[19:29:29] [Server thread/INFO]: Pumpkin Growth Modifier: 100%
[19:29:29] [Server thread/INFO]: Sapling Growth Modifier: 100%
[19:29:29] [Server thread/INFO]: Beetroot Growth Modifier: 100%
[19:29:29] [Server thread/INFO]: Carrot Growth Modifier: 100%
[19:29:29] [Server thread/INFO]: Potato Growth Modifier: 100%
[19:29:29] [Server thread/INFO]: Wheat Growth Modifier: 100%
[19:29:29] [Server thread/INFO]: NetherWart Growth Modifier: 100%
[19:29:29] [Server thread/INFO]: Vine Growth Modifier: 100%
[19:29:29] [Server thread/INFO]: Cocoa Growth Modifier: 100%
[19:29:29] [Server thread/INFO]: Bamboo Growth Modifier: 100%
[19:29:29] [Server thread/INFO]: SweetBerry Growth Modifier: 100%
[19:29:29] [Server thread/INFO]: Kelp Growth Modifier: 100%
[19:29:29] [Server thread/INFO]: Entity Activation Range: An 32 / Mo 32 / Ra 48 / Mi 16 / Tiv true
[19:29:29] [Server thread/INFO]: Entity Tracking Range: Pl 48 / An 48 / Mo 48 / Mi 32 / Other 64
[19:29:29] [Server thread/INFO]: Hopper Transfer: 8 Hopper Check: 1 Hopper Amount: 1
[19:29:29] [Server thread/INFO]: Custom Map Seeds:  Village: 10387312 Desert: 14357617 Igloo: 14357618 Jungle: 14357619 Swamp: 14357620 Monument: 10387313 Ocean: 14357621 Shipwreck: 165745295 End City: 10387313 Slime: 987234911 Bastion: 30084232 Fortress: 30084232 Mansion: 10387319 Fossil: 14357921 Portal: 34222645
[19:29:29] [Server thread/INFO]: Max TNT Explosions: 100
[19:29:29] [Server thread/INFO]: Tile Max Tick Time: 50ms Entity max Tick Time: 50ms
[19:29:29] [Server thread/INFO]: Preparing start region for dimension minecraft:overworld
[19:29:31] [Worker-Main-18/INFO]: Preparing spawn area: 0%
[19:29:31] [Worker-Main-15/INFO]: Preparing spawn area: 0%
[19:29:31] [Worker-Main-15/INFO]: Preparing spawn area: 0%
[19:29:31] [Worker-Main-22/INFO]: Preparing spawn area: 0%
[19:29:31] [Worker-Main-15/INFO]: Preparing spawn area: 0%
[19:29:34] [Worker-Main-12/INFO]: Preparing spawn area: 0%
[19:29:34] [Worker-Main-12/INFO]: Preparing spawn area: 0%
[19:29:34] [Worker-Main-12/INFO]: Preparing spawn area: 0%
[19:29:34] [Worker-Main-13/INFO]: Preparing spawn area: 0%
[19:29:34] [Worker-Main-12/INFO]: Preparing spawn area: 0%
[19:29:34] [Worker-Main-15/INFO]: Preparing spawn area: 0%
[19:29:35] [Worker-Main-18/INFO]: Preparing spawn area: 4%
[19:29:35] [Worker-Main-19/INFO]: Preparing spawn area: 16%
[19:29:36] [Worker-Main-15/INFO]: Preparing spawn area: 35%
[19:29:36] [Worker-Main-21/INFO]: Preparing spawn area: 53%
[19:29:37] [Worker-Main-22/INFO]: Preparing spawn area: 70%
[19:29:37] [Worker-Main-13/INFO]: Preparing spawn area: 84%
[19:29:38] [Worker-Main-14/INFO]: Preparing spawn area: 85%
[19:29:38] [Worker-Main-22/INFO]: Preparing spawn area: 93%
[19:29:39] [Server thread/INFO]: Time elapsed: 9421 ms
[19:29:39] [Server thread/INFO]: Preparing start region for dimension minecraft:the_nether
[19:29:40] [Worker-Main-21/INFO]: Preparing spawn area: 0%
[19:29:40] [Worker-Main-12/INFO]: Preparing spawn area: 0%
[19:29:40] [Worker-Main-15/INFO]: Preparing spawn area: 0%
[19:29:40] [Worker-Main-14/INFO]: Preparing spawn area: 0%
[19:29:41] [Worker-Main-21/INFO]: Preparing spawn area: 6%
[19:29:42] [Worker-Main-20/INFO]: Preparing spawn area: 16%
[19:29:42] [Worker-Main-15/INFO]: Preparing spawn area: 36%
[19:29:43] [Worker-Main-21/INFO]: Preparing spawn area: 54%
[19:29:43] [Worker-Main-14/INFO]: Preparing spawn area: 68%
[19:29:43] [Worker-Main-20/INFO]: Preparing spawn area: 68%
[19:29:44] [Worker-Main-17/INFO]: Preparing spawn area: 71%
[19:29:44] [Worker-Main-12/INFO]: Preparing spawn area: 74%
[19:29:45] [Worker-Main-21/INFO]: Preparing spawn area: 79%
[19:29:45] [Worker-Main-13/INFO]: Preparing spawn area: 83%
[19:29:46] [Worker-Main-17/INFO]: Preparing spawn area: 85%
[19:29:46] [Worker-Main-16/INFO]: Preparing spawn area: 88%
[19:29:47] [Worker-Main-13/INFO]: Preparing spawn area: 94%
[19:29:47] [Server thread/INFO]: Time elapsed: 8475 ms
[19:29:47] [Server thread/INFO]: Preparing start region for dimension minecraft:the_end
[19:29:48] [Worker-Main-22/INFO]: Preparing spawn area: 0%
[19:29:48] [Worker-Main-15/INFO]: Preparing spawn area: 2%
[19:29:48] [Worker-Main-15/INFO]: Preparing spawn area: 35%
[19:29:49] [Worker-Main-18/INFO]: Preparing spawn area: 87%
[19:29:49] [Server thread/INFO]: Time elapsed: 1627 ms
[19:29:49] [Server thread/INFO]: [EasyCraftAPI] Enabling EasyCraftAPI v1.2
[19:29:49] [Server thread/INFO]: [EasyCraftApi] DEBUG : PLUGIN LOADED
[19:29:49] [Server thread/INFO]: [EasyCraftApi] Registering Item null...
[19:29:49] [Server thread/INFO]: [Oxyo-Core] Enabling Oxyo-Core v2.0.0
[19:29:49] [Server thread/INFO]: Server permissions file permissions.yml is empty, ignoring it
[19:29:49] [Server thread/INFO]: Done (20.617s)! For help, type "help"
[19:31:15] [User Authenticator #1/INFO]: UUID of player Birdo770 is 143602fd-5b1a-4224-a54f-ba21b821199a
[19:31:15] [Server thread/INFO]: Birdo770[/127.0.0.1:64250] logged in with entity id 193 at ([world]76.46261431224411, 102.0, 111.92164122689003)
[19:32:43] [Server thread/INFO]: Birdo770 issued server command: /pvp test
[19:32:43] [Server thread/INFO]: 0
[19:32:43] [Server thread/INFO]: 0
[19:32:43] [Server thread/INFO]: 0
[19:32:43] [Server thread/INFO]: 0
[19:32:43] [Server thread/INFO]: 0
[19:32:43] [Server thread/INFO]: 0
[19:32:43] [Server thread/INFO]: 0
[19:32:43] [Server thread/INFO]: 0
[19:32:43] [Server thread/INFO]: 0
[19:33:24] [Server thread/INFO]: CONSOLE: Please note that this command is not supported and may cause issues when using some plugins.
[19:33:24] [Server thread/INFO]: CONSOLE: If you encounter any issues please use the /stop command to restart your server.
[19:33:24] [Server thread/INFO]: Debug logging is disabled
[19:33:24] [Server thread/INFO]: Server Ping Player Sample Count: 12
[19:33:24] [Server thread/INFO]: Using 4 threads for Netty based IO
[19:33:24] [Server thread/INFO]: -------- World Settings For [world] --------
[19:33:24] [Server thread/INFO]: Allow Zombie Pigmen to spawn from portal blocks: true
[19:33:24] [Server thread/INFO]: Item Merge Radius: 2.5
[19:33:24] [Server thread/INFO]: Item Despawn Rate: 6000
[19:33:24] [Server thread/INFO]: Simulation Distance: 10
[19:33:24] [Server thread/INFO]: View Distance: 10
[19:33:24] [Server thread/INFO]: Arrow Despawn Rate: 1200 Trident Respawn Rate:1200
[19:33:24] [Server thread/INFO]: Nerfing mobs spawned from spawners: false
[19:33:24] [Server thread/INFO]: Zombie Aggressive Towards Villager: true
[19:33:24] [Server thread/INFO]: Experience Merge Radius: 3.0
[19:33:24] [Server thread/INFO]: Mob Spawn Range: 6
[19:33:24] [Server thread/INFO]: Cactus Growth Modifier: 100%
[19:33:24] [Server thread/INFO]: Cane Growth Modifier: 100%
[19:33:24] [Server thread/INFO]: Melon Growth Modifier: 100%
[19:33:24] [Server thread/INFO]: Mushroom Growth Modifier: 100%
[19:33:24] [Server thread/INFO]: Pumpkin Growth Modifier: 100%
[19:33:24] [Server thread/INFO]: Sapling Growth Modifier: 100%
[19:33:24] [Server thread/INFO]: Beetroot Growth Modifier: 100%
[19:33:24] [Server thread/INFO]: Carrot Growth Modifier: 100%
[19:33:24] [Server thread/INFO]: Potato Growth Modifier: 100%
[19:33:24] [Server thread/INFO]: Wheat Growth Modifier: 100%
[19:33:24] [Server thread/INFO]: NetherWart Growth Modifier: 100%
[19:33:24] [Server thread/INFO]: Vine Growth Modifier: 100%
[19:33:24] [Server thread/INFO]: Cocoa Growth Modifier: 100%
[19:33:24] [Server thread/INFO]: Bamboo Growth Modifier: 100%
[19:33:24] [Server thread/INFO]: SweetBerry Growth Modifier: 100%
[19:33:24] [Server thread/INFO]: Kelp Growth Modifier: 100%
[19:33:24] [Server thread/INFO]: Entity Activation Range: An 32 / Mo 32 / Ra 48 / Mi 16 / Tiv true
[19:33:24] [Server thread/INFO]: Entity Tracking Range: Pl 48 / An 48 / Mo 48 / Mi 32 / Other 64
[19:33:24] [Server thread/INFO]: Hopper Transfer: 8 Hopper Check: 1 Hopper Amount: 1
[19:33:24] [Server thread/INFO]: Custom Map Seeds:  Village: 10387312 Desert: 14357617 Igloo: 14357618 Jungle: 14357619 Swamp: 14357620 Monument: 10387313 Ocean: 14357621 Shipwreck: 165745295 End City: 10387313 Slime: 987234911 Bastion: 30084232 Fortress: 30084232 Mansion: 10387319 Fossil: 14357921 Portal: 34222645
[19:33:24] [Server thread/INFO]: Max TNT Explosions: 100
[19:33:24] [Server thread/INFO]: Tile Max Tick Time: 50ms Entity max Tick Time: 50ms
[19:33:24] [Server thread/INFO]: -------- World Settings For [world_nether] --------
[19:33:24] [Server thread/INFO]: Allow Zombie Pigmen to spawn from portal blocks: true
[19:33:24] [Server thread/INFO]: Item Merge Radius: 2.5
[19:33:24] [Server thread/INFO]: Item Despawn Rate: 6000
[19:33:24] [Server thread/INFO]: Simulation Distance: 10
[19:33:24] [Server thread/INFO]: View Distance: 10
[19:33:24] [Server thread/INFO]: Arrow Despawn Rate: 1200 Trident Respawn Rate:1200
[19:33:24] [Server thread/INFO]: Nerfing mobs spawned from spawners: false
[19:33:24] [Server thread/INFO]: Zombie Aggressive Towards Villager: true
[19:33:24] [Server thread/INFO]: Experience Merge Radius: 3.0
[19:33:24] [Server thread/INFO]: Mob Spawn Range: 6
[19:33:24] [Server thread/INFO]: Cactus Growth Modifier: 100%
[19:33:24] [Server thread/INFO]: Cane Growth Modifier: 100%
[19:33:24] [Server thread/INFO]: Melon Growth Modifier: 100%
[19:33:24] [Server thread/INFO]: Mushroom Growth Modifier: 100%
[19:33:24] [Server thread/INFO]: Pumpkin Growth Modifier: 100%
[19:33:24] [Server thread/INFO]: Sapling Growth Modifier: 100%
[19:33:24] [Server thread/INFO]: Beetroot Growth Modifier: 100%
[19:33:24] [Server thread/INFO]: Carrot Growth Modifier: 100%
[19:33:24] [Server thread/INFO]: Potato Growth Modifier: 100%
[19:33:24] [Server thread/INFO]: Wheat Growth Modifier: 100%
[19:33:24] [Server thread/INFO]: NetherWart Growth Modifier: 100%
[19:33:24] [Server thread/INFO]: Vine Growth Modifier: 100%
[19:33:24] [Server thread/INFO]: Cocoa Growth Modifier: 100%
[19:33:24] [Server thread/INFO]: Bamboo Growth Modifier: 100%
[19:33:24] [Server thread/INFO]: SweetBerry Growth Modifier: 100%
[19:33:24] [Server thread/INFO]: Kelp Growth Modifier: 100%
[19:33:24] [Server thread/INFO]: Entity Activation Range: An 32 / Mo 32 / Ra 48 / Mi 16 / Tiv true
[19:33:24] [Server thread/INFO]: Entity Tracking Range: Pl 48 / An 48 / Mo 48 / Mi 32 / Other 64
[19:33:24] [Server thread/INFO]: Hopper Transfer: 8 Hopper Check: 1 Hopper Amount: 1
[19:33:24] [Server thread/INFO]: Custom Map Seeds:  Village: 10387312 Desert: 14357617 Igloo: 14357618 Jungle: 14357619 Swamp: 14357620 Monument: 10387313 Ocean: 14357621 Shipwreck: 165745295 End City: 10387313 Slime: 987234911 Bastion: 30084232 Fortress: 30084232 Mansion: 10387319 Fossil: 14357921 Portal: 34222645
[19:33:24] [Server thread/INFO]: Max TNT Explosions: 100
[19:33:24] [Server thread/INFO]: Tile Max Tick Time: 50ms Entity max Tick Time: 50ms
[19:33:24] [Server thread/INFO]: -------- World Settings For [world_the_end] --------
[19:33:24] [Server thread/INFO]: Allow Zombie Pigmen to spawn from portal blocks: true
[19:33:24] [Server thread/INFO]: Item Merge Radius: 2.5
[19:33:24] [Server thread/INFO]: Item Despawn Rate: 6000
[19:33:24] [Server thread/INFO]: Simulation Distance: 10
[19:33:24] [Server thread/INFO]: View Distance: 10
[19:33:24] [Server thread/INFO]: Arrow Despawn Rate: 1200 Trident Respawn Rate:1200
[19:33:24] [Server thread/INFO]: Nerfing mobs spawned from spawners: false
[19:33:24] [Server thread/INFO]: Zombie Aggressive Towards Villager: true
[19:33:24] [Server thread/INFO]: Experience Merge Radius: 3.0
[19:33:24] [Server thread/INFO]: Mob Spawn Range: 6
[19:33:24] [Server thread/INFO]: Cactus Growth Modifier: 100%
[19:33:24] [Server thread/INFO]: Cane Growth Modifier: 100%
[19:33:24] [Server thread/INFO]: Melon Growth Modifier: 100%
[19:33:24] [Server thread/INFO]: Mushroom Growth Modifier: 100%
[19:33:24] [Server thread/INFO]: Pumpkin Growth Modifier: 100%
[19:33:24] [Server thread/INFO]: Sapling Growth Modifier: 100%
[19:33:24] [Server thread/INFO]: Beetroot Growth Modifier: 100%
[19:33:24] [Server thread/INFO]: Carrot Growth Modifier: 100%
[19:33:24] [Server thread/INFO]: Potato Growth Modifier: 100%
[19:33:24] [Server thread/INFO]: Wheat Growth Modifier: 100%
[19:33:24] [Server thread/INFO]: NetherWart Growth Modifier: 100%
[19:33:24] [Server thread/INFO]: Vine Growth Modifier: 100%
[19:33:24] [Server thread/INFO]: Cocoa Growth Modifier: 100%
[19:33:24] [Server thread/INFO]: Bamboo Growth Modifier: 100%
[19:33:24] [Server thread/INFO]: SweetBerry Growth Modifier: 100%
[19:33:24] [Server thread/INFO]: Kelp Growth Modifier: 100%
[19:33:24] [Server thread/INFO]: Entity Activation Range: An 32 / Mo 32 / Ra 48 / Mi 16 / Tiv true
[19:33:24] [Server thread/INFO]: Entity Tracking Range: Pl 48 / An 48 / Mo 48 / Mi 32 / Other 64
[19:33:24] [Server thread/INFO]: Hopper Transfer: 8 Hopper Check: 1 Hopper Amount: 1
[19:33:24] [Server thread/INFO]: Custom Map Seeds:  Village: 10387312 Desert: 14357617 Igloo: 14357618 Jungle: 14357619 Swamp: 14357620 Monument: 10387313 Ocean: 14357621 Shipwreck: 165745295 End City: 10387313 Slime: 987234911 Bastion: 30084232 Fortress: 30084232 Mansion: 10387319 Fossil: 14357921 Portal: 34222645
[19:33:24] [Server thread/INFO]: Max TNT Explosions: 100
[19:33:24] [Server thread/INFO]: Tile Max Tick Time: 50ms Entity max Tick Time: 50ms
[19:33:24] [Server thread/INFO]: [Oxyo-Core] Disabling Oxyo-Core v2.0.0
[19:33:24] [Server thread/INFO]: [EasyCraftAPI] Disabling EasyCraftAPI v1.2
[19:33:24] [Server thread/INFO]: [EasyCraftApi] DEBUG : PLUGIN UNLOADED
[19:33:24] [Server thread/INFO]: Reloading ResourceManager: Default, bukkit
[19:33:24] [Server thread/INFO]: Loaded 7 recipes
[19:33:24] [Server thread/INFO]: [EasyCraftAPI] Loading EasyCraftAPI v1.2
[19:33:24] [Server thread/INFO]: [Oxyo-Core] Loading Oxyo-Core v2.0.0
[19:33:24] [Server thread/INFO]: [EasyCraftAPI] Enabling EasyCraftAPI v1.2
[19:33:24] [Server thread/INFO]: [EasyCraftApi] DEBUG : PLUGIN LOADED
[19:33:24] [Server thread/INFO]: [EasyCraftApi] Registering Item null...
[19:33:24] [Server thread/INFO]: [Oxyo-Core] Enabling Oxyo-Core v2.0.0
[19:33:24] [Server thread/INFO]: Server permissions file permissions.yml is empty, ignoring it
[19:33:24] [Server thread/INFO]: CONSOLE: Reload complete.
[19:33:29] [Server thread/INFO]: Birdo770 issued server command: /pvp test
[19:33:29] [Server thread/INFO]: 0
[19:33:29] [Server thread/INFO]: 0
[19:33:29] [Server thread/INFO]: 0
[19:33:29] [Server thread/INFO]: 0
[19:33:29] [Server thread/INFO]: 0
[19:33:29] [Server thread/INFO]: 0
[19:33:29] [Server thread/INFO]: 0
[19:33:29] [Server thread/INFO]: 0
[19:33:29] [Server thread/INFO]: 0
[19:34:03] [Server thread/INFO]: CONSOLE: Please note that this command is not supported and may cause issues when using some plugins.
[19:34:03] [Server thread/INFO]: CONSOLE: If you encounter any issues please use the /stop command to restart your server.
[19:34:03] [Server thread/INFO]: Debug logging is disabled
[19:34:03] [Server thread/INFO]: Server Ping Player Sample Count: 12
[19:34:03] [Server thread/INFO]: Using 4 threads for Netty based IO
[19:34:03] [Server thread/INFO]: -------- World Settings For [world] --------
[19:34:03] [Server thread/INFO]: Allow Zombie Pigmen to spawn from portal blocks: true
[19:34:03] [Server thread/INFO]: Item Merge Radius: 2.5
[19:34:03] [Server thread/INFO]: Item Despawn Rate: 6000
[19:34:03] [Server thread/INFO]: Simulation Distance: 10
[19:34:03] [Server thread/INFO]: View Distance: 10
[19:34:03] [Server thread/INFO]: Arrow Despawn Rate: 1200 Trident Respawn Rate:1200
[19:34:03] [Server thread/INFO]: Nerfing mobs spawned from spawners: false
[19:34:03] [Server thread/INFO]: Zombie Aggressive Towards Villager: true
[19:34:03] [Server thread/INFO]: Experience Merge Radius: 3.0
[19:34:03] [Server thread/INFO]: Mob Spawn Range: 6
[19:34:03] [Server thread/INFO]: Cactus Growth Modifier: 100%
[19:34:03] [Server thread/INFO]: Cane Growth Modifier: 100%
[19:34:03] [Server thread/INFO]: Melon Growth Modifier: 100%
[19:34:03] [Server thread/INFO]: Mushroom Growth Modifier: 100%
[19:34:03] [Server thread/INFO]: Pumpkin Growth Modifier: 100%
[19:34:03] [Server thread/INFO]: Sapling Growth Modifier: 100%
[19:34:03] [Server thread/INFO]: Beetroot Growth Modifier: 100%
[19:34:03] [Server thread/INFO]: Carrot Growth Modifier: 100%
[19:34:03] [Server thread/INFO]: Potato Growth Modifier: 100%
[19:34:03] [Server thread/INFO]: Wheat Growth Modifier: 100%
[19:34:03] [Server thread/INFO]: NetherWart Growth Modifier: 100%
[19:34:03] [Server thread/INFO]: Vine Growth Modifier: 100%
[19:34:03] [Server thread/INFO]: Cocoa Growth Modifier: 100%
[19:34:03] [Server thread/INFO]: Bamboo Growth Modifier: 100%
[19:34:03] [Server thread/INFO]: SweetBerry Growth Modifier: 100%
[19:34:03] [Server thread/INFO]: Kelp Growth Modifier: 100%
[19:34:03] [Server thread/INFO]: Entity Activation Range: An 32 / Mo 32 / Ra 48 / Mi 16 / Tiv true
[19:34:03] [Server thread/INFO]: Entity Tracking Range: Pl 48 / An 48 / Mo 48 / Mi 32 / Other 64
[19:34:03] [Server thread/INFO]: Hopper Transfer: 8 Hopper Check: 1 Hopper Amount: 1
[19:34:03] [Server thread/INFO]: Custom Map Seeds:  Village: 10387312 Desert: 14357617 Igloo: 14357618 Jungle: 14357619 Swamp: 14357620 Monument: 10387313 Ocean: 14357621 Shipwreck: 165745295 End City: 10387313 Slime: 987234911 Bastion: 30084232 Fortress: 30084232 Mansion: 10387319 Fossil: 14357921 Portal: 34222645
[19:34:03] [Server thread/INFO]: Max TNT Explosions: 100
[19:34:03] [Server thread/INFO]: Tile Max Tick Time: 50ms Entity max Tick Time: 50ms
[19:34:03] [Server thread/INFO]: -------- World Settings For [world_nether] --------
[19:34:03] [Server thread/INFO]: Allow Zombie Pigmen to spawn from portal blocks: true
[19:34:03] [Server thread/INFO]: Item Merge Radius: 2.5
[19:34:03] [Server thread/INFO]: Item Despawn Rate: 6000
[19:34:03] [Server thread/INFO]: Simulation Distance: 10
[19:34:03] [Server thread/INFO]: View Distance: 10
[19:34:03] [Server thread/INFO]: Arrow Despawn Rate: 1200 Trident Respawn Rate:1200
[19:34:03] [Server thread/INFO]: Nerfing mobs spawned from spawners: false
[19:34:03] [Server thread/INFO]: Zombie Aggressive Towards Villager: true
[19:34:03] [Server thread/INFO]: Experience Merge Radius: 3.0
[19:34:03] [Server thread/INFO]: Mob Spawn Range: 6
[19:34:03] [Server thread/INFO]: Cactus Growth Modifier: 100%
[19:34:03] [Server thread/INFO]: Cane Growth Modifier: 100%
[19:34:03] [Server thread/INFO]: Melon Growth Modifier: 100%
[19:34:03] [Server thread/INFO]: Mushroom Growth Modifier: 100%
[19:34:03] [Server thread/INFO]: Pumpkin Growth Modifier: 100%
[19:34:03] [Server thread/INFO]: Sapling Growth Modifier: 100%
[19:34:03] [Server thread/INFO]: Beetroot Growth Modifier: 100%
[19:34:03] [Server thread/INFO]: Carrot Growth Modifier: 100%
[19:34:03] [Server thread/INFO]: Potato Growth Modifier: 100%
[19:34:03] [Server thread/INFO]: Wheat Growth Modifier: 100%
[19:34:03] [Server thread/INFO]: NetherWart Growth Modifier: 100%
[19:34:03] [Server thread/INFO]: Vine Growth Modifier: 100%
[19:34:03] [Server thread/INFO]: Cocoa Growth Modifier: 100%
[19:34:03] [Server thread/INFO]: Bamboo Growth Modifier: 100%
[19:34:03] [Server thread/INFO]: SweetBerry Growth Modifier: 100%
[19:34:03] [Server thread/INFO]: Kelp Growth Modifier: 100%
[19:34:03] [Server thread/INFO]: Entity Activation Range: An 32 / Mo 32 / Ra 48 / Mi 16 / Tiv true
[19:34:03] [Server thread/INFO]: Entity Tracking Range: Pl 48 / An 48 / Mo 48 / Mi 32 / Other 64
[19:34:03] [Server thread/INFO]: Hopper Transfer: 8 Hopper Check: 1 Hopper Amount: 1
[19:34:03] [Server thread/INFO]: Custom Map Seeds:  Village: 10387312 Desert: 14357617 Igloo: 14357618 Jungle: 14357619 Swamp: 14357620 Monument: 10387313 Ocean: 14357621 Shipwreck: 165745295 End City: 10387313 Slime: 987234911 Bastion: 30084232 Fortress: 30084232 Mansion: 10387319 Fossil: 14357921 Portal: 34222645
[19:34:03] [Server thread/INFO]: Max TNT Explosions: 100
[19:34:03] [Server thread/INFO]: Tile Max Tick Time: 50ms Entity max Tick Time: 50ms
[19:34:03] [Server thread/INFO]: -------- World Settings For [world_the_end] --------
[19:34:03] [Server thread/INFO]: Allow Zombie Pigmen to spawn from portal blocks: true
[19:34:03] [Server thread/INFO]: Item Merge Radius: 2.5
[19:34:03] [Server thread/INFO]: Item Despawn Rate: 6000
[19:34:03] [Server thread/INFO]: Simulation Distance: 10
[19:34:03] [Server thread/INFO]: View Distance: 10
[19:34:03] [Server thread/INFO]: Arrow Despawn Rate: 1200 Trident Respawn Rate:1200
[19:34:03] [Server thread/INFO]: Nerfing mobs spawned from spawners: false
[19:34:03] [Server thread/INFO]: Zombie Aggressive Towards Villager: true
[19:34:03] [Server thread/INFO]: Experience Merge Radius: 3.0
[19:34:03] [Server thread/INFO]: Mob Spawn Range: 6
[19:34:03] [Server thread/INFO]: Cactus Growth Modifier: 100%
[19:34:03] [Server thread/INFO]: Cane Growth Modifier: 100%
[19:34:03] [Server thread/INFO]: Melon Growth Modifier: 100%
[19:34:03] [Server thread/INFO]: Mushroom Growth Modifier: 100%
[19:34:03] [Server thread/INFO]: Pumpkin Growth Modifier: 100%
[19:34:03] [Server thread/INFO]: Sapling Growth Modifier: 100%
[19:34:03] [Server thread/INFO]: Beetroot Growth Modifier: 100%
[19:34:03] [Server thread/INFO]: Carrot Growth Modifier: 100%
[19:34:03] [Server thread/INFO]: Potato Growth Modifier: 100%
[19:34:03] [Server thread/INFO]: Wheat Growth Modifier: 100%
[19:34:03] [Server thread/INFO]: NetherWart Growth Modifier: 100%
[19:34:03] [Server thread/INFO]: Vine Growth Modifier: 100%
[19:34:03] [Server thread/INFO]: Cocoa Growth Modifier: 100%
[19:34:03] [Server thread/INFO]: Bamboo Growth Modifier: 100%
[19:34:03] [Server thread/INFO]: SweetBerry Growth Modifier: 100%
[19:34:03] [Server thread/INFO]: Kelp Growth Modifier: 100%
[19:34:03] [Server thread/INFO]: Entity Activation Range: An 32 / Mo 32 / Ra 48 / Mi 16 / Tiv true
[19:34:03] [Server thread/INFO]: Entity Tracking Range: Pl 48 / An 48 / Mo 48 / Mi 32 / Other 64
[19:34:03] [Server thread/INFO]: Hopper Transfer: 8 Hopper Check: 1 Hopper Amount: 1
[19:34:03] [Server thread/INFO]: Custom Map Seeds:  Village: 10387312 Desert: 14357617 Igloo: 14357618 Jungle: 14357619 Swamp: 14357620 Monument: 10387313 Ocean: 14357621 Shipwreck: 165745295 End City: 10387313 Slime: 987234911 Bastion: 30084232 Fortress: 30084232 Mansion: 10387319 Fossil: 14357921 Portal: 34222645
[19:34:03] [Server thread/INFO]: Max TNT Explosions: 100
[19:34:03] [Server thread/INFO]: Tile Max Tick Time: 50ms Entity max Tick Time: 50ms
[19:34:03] [Server thread/INFO]: [Oxyo-Core] Disabling Oxyo-Core v2.0.0
[19:34:03] [Server thread/INFO]: [EasyCraftAPI] Disabling EasyCraftAPI v1.2
[19:34:03] [Server thread/INFO]: [EasyCraftApi] DEBUG : PLUGIN UNLOADED
[19:34:03] [Server thread/INFO]: Reloading ResourceManager: Default, bukkit
[19:34:03] [Server thread/INFO]: Loaded 7 recipes
[19:34:03] [Server thread/INFO]: [EasyCraftAPI] Loading EasyCraftAPI v1.2
[19:34:03] [Server thread/INFO]: [Oxyo-Core] Loading Oxyo-Core v2.0.0
[19:34:03] [Server thread/INFO]: [EasyCraftAPI] Enabling EasyCraftAPI v1.2
[19:34:03] [Server thread/INFO]: [EasyCraftApi] DEBUG : PLUGIN LOADED
[19:34:03] [Server thread/INFO]: [EasyCraftApi] Registering Item null...
[19:34:03] [Server thread/INFO]: [Oxyo-Core] Enabling Oxyo-Core v2.0.0
[19:34:03] [Server thread/INFO]: Server permissions file permissions.yml is empty, ignoring it
[19:34:03] [Server thread/INFO]: CONSOLE: Reload complete.
[19:34:06] [Server thread/INFO]: Birdo770 issued server command: /pvp test
[19:34:06] [Server thread/INFO]: 50
[19:34:06] [Server thread/INFO]: 100
[19:34:06] [Server thread/INFO]: 50
[19:34:06] [Server thread/INFO]: 100
[19:34:06] [Server thread/INFO]: 50
[19:34:06] [Server thread/INFO]: 100
[19:34:06] [Server thread/INFO]: 50
[19:34:06] [Server thread/INFO]: 100
[19:34:06] [Server thread/INFO]: 50
[19:34:06] [Server thread/INFO]: 100
[19:34:06] [Server thread/INFO]: 50
[19:34:06] [Server thread/INFO]: 100
[19:34:06] [Server thread/INFO]: 50
[19:34:06] [Server thread/INFO]: 100
[19:34:06] [Server thread/INFO]: 50
[19:34:06] [Server thread/INFO]: 100
[19:34:06] [Server thread/INFO]: 50
[19:34:06] [Server thread/INFO]: 100
[19:35:05] [Server thread/INFO]: CONSOLE: Please note that this command is not supported and may cause issues when using some plugins.
[19:35:05] [Server thread/INFO]: CONSOLE: If you encounter any issues please use the /stop command to restart your server.
[19:35:05] [Server thread/INFO]: Debug logging is disabled
[19:35:05] [Server thread/INFO]: Server Ping Player Sample Count: 12
[19:35:05] [Server thread/INFO]: Using 4 threads for Netty based IO
[19:35:05] [Server thread/INFO]: -------- World Settings For [world] --------
[19:35:05] [Server thread/INFO]: Allow Zombie Pigmen to spawn from portal blocks: true
[19:35:05] [Server thread/INFO]: Item Merge Radius: 2.5
[19:35:05] [Server thread/INFO]: Item Despawn Rate: 6000
[19:35:05] [Server thread/INFO]: Simulation Distance: 10
[19:35:05] [Server thread/INFO]: View Distance: 10
[19:35:05] [Server thread/INFO]: Arrow Despawn Rate: 1200 Trident Respawn Rate:1200
[19:35:05] [Server thread/INFO]: Nerfing mobs spawned from spawners: false
[19:35:05] [Server thread/INFO]: Zombie Aggressive Towards Villager: true
[19:35:05] [Server thread/INFO]: Experience Merge Radius: 3.0
[19:35:05] [Server thread/INFO]: Mob Spawn Range: 6
[19:35:05] [Server thread/INFO]: Cactus Growth Modifier: 100%
[19:35:05] [Server thread/INFO]: Cane Growth Modifier: 100%
[19:35:05] [Server thread/INFO]: Melon Growth Modifier: 100%
[19:35:05] [Server thread/INFO]: Mushroom Growth Modifier: 100%
[19:35:05] [Server thread/INFO]: Pumpkin Growth Modifier: 100%
[19:35:05] [Server thread/INFO]: Sapling Growth Modifier: 100%
[19:35:05] [Server thread/INFO]: Beetroot Growth Modifier: 100%
[19:35:05] [Server thread/INFO]: Carrot Growth Modifier: 100%
[19:35:05] [Server thread/INFO]: Potato Growth Modifier: 100%
[19:35:05] [Server thread/INFO]: Wheat Growth Modifier: 100%
[19:35:05] [Server thread/INFO]: NetherWart Growth Modifier: 100%
[19:35:05] [Server thread/INFO]: Vine Growth Modifier: 100%
[19:35:05] [Server thread/INFO]: Cocoa Growth Modifier: 100%
[19:35:05] [Server thread/INFO]: Bamboo Growth Modifier: 100%
[19:35:05] [Server thread/INFO]: SweetBerry Growth Modifier: 100%
[19:35:05] [Server thread/INFO]: Kelp Growth Modifier: 100%
[19:35:05] [Server thread/INFO]: Entity Activation Range: An 32 / Mo 32 / Ra 48 / Mi 16 / Tiv true
[19:35:05] [Server thread/INFO]: Entity Tracking Range: Pl 48 / An 48 / Mo 48 / Mi 32 / Other 64
[19:35:05] [Server thread/INFO]: Hopper Transfer: 8 Hopper Check: 1 Hopper Amount: 1
[19:35:05] [Server thread/INFO]: Custom Map Seeds:  Village: 10387312 Desert: 14357617 Igloo: 14357618 Jungle: 14357619 Swamp: 14357620 Monument: 10387313 Ocean: 14357621 Shipwreck: 165745295 End City: 10387313 Slime: 987234911 Bastion: 30084232 Fortress: 30084232 Mansion: 10387319 Fossil: 14357921 Portal: 34222645
[19:35:05] [Server thread/INFO]: Max TNT Explosions: 100
[19:35:05] [Server thread/INFO]: Tile Max Tick Time: 50ms Entity max Tick Time: 50ms
[19:35:05] [Server thread/INFO]: -------- World Settings For [world_nether] --------
[19:35:05] [Server thread/INFO]: Allow Zombie Pigmen to spawn from portal blocks: true
[19:35:05] [Server thread/INFO]: Item Merge Radius: 2.5
[19:35:05] [Server thread/INFO]: Item Despawn Rate: 6000
[19:35:05] [Server thread/INFO]: Simulation Distance: 10
[19:35:05] [Server thread/INFO]: View Distance: 10
[19:35:05] [Server thread/INFO]: Arrow Despawn Rate: 1200 Trident Respawn Rate:1200
[19:35:05] [Server thread/INFO]: Nerfing mobs spawned from spawners: false
[19:35:05] [Server thread/INFO]: Zombie Aggressive Towards Villager: true
[19:35:05] [Server thread/INFO]: Experience Merge Radius: 3.0
[19:35:05] [Server thread/INFO]: Mob Spawn Range: 6
[19:35:05] [Server thread/INFO]: Cactus Growth Modifier: 100%
[19:35:05] [Server thread/INFO]: Cane Growth Modifier: 100%
[19:35:05] [Server thread/INFO]: Melon Growth Modifier: 100%
[19:35:05] [Server thread/INFO]: Mushroom Growth Modifier: 100%
[19:35:05] [Server thread/INFO]: Pumpkin Growth Modifier: 100%
[19:35:05] [Server thread/INFO]: Sapling Growth Modifier: 100%
[19:35:05] [Server thread/INFO]: Beetroot Growth Modifier: 100%
[19:35:05] [Server thread/INFO]: Carrot Growth Modifier: 100%
[19:35:05] [Server thread/INFO]: Potato Growth Modifier: 100%
[19:35:05] [Server thread/INFO]: Wheat Growth Modifier: 100%
[19:35:05] [Server thread/INFO]: NetherWart Growth Modifier: 100%
[19:35:05] [Server thread/INFO]: Vine Growth Modifier: 100%
[19:35:05] [Server thread/INFO]: Cocoa Growth Modifier: 100%
[19:35:05] [Server thread/INFO]: Bamboo Growth Modifier: 100%
[19:35:05] [Server thread/INFO]: SweetBerry Growth Modifier: 100%
[19:35:05] [Server thread/INFO]: Kelp Growth Modifier: 100%
[19:35:05] [Server thread/INFO]: Entity Activation Range: An 32 / Mo 32 / Ra 48 / Mi 16 / Tiv true
[19:35:05] [Server thread/INFO]: Entity Tracking Range: Pl 48 / An 48 / Mo 48 / Mi 32 / Other 64
[19:35:05] [Server thread/INFO]: Hopper Transfer: 8 Hopper Check: 1 Hopper Amount: 1
[19:35:05] [Server thread/INFO]: Custom Map Seeds:  Village: 10387312 Desert: 14357617 Igloo: 14357618 Jungle: 14357619 Swamp: 14357620 Monument: 10387313 Ocean: 14357621 Shipwreck: 165745295 End City: 10387313 Slime: 987234911 Bastion: 30084232 Fortress: 30084232 Mansion: 10387319 Fossil: 14357921 Portal: 34222645
[19:35:05] [Server thread/INFO]: Max TNT Explosions: 100
[19:35:05] [Server thread/INFO]: Tile Max Tick Time: 50ms Entity max Tick Time: 50ms
[19:35:05] [Server thread/INFO]: -------- World Settings For [world_the_end] --------
[19:35:05] [Server thread/INFO]: Allow Zombie Pigmen to spawn from portal blocks: true
[19:35:05] [Server thread/INFO]: Item Merge Radius: 2.5
[19:35:05] [Server thread/INFO]: Item Despawn Rate: 6000
[19:35:05] [Server thread/INFO]: Simulation Distance: 10
[19:35:05] [Server thread/INFO]: View Distance: 10
[19:35:05] [Server thread/INFO]: Arrow Despawn Rate: 1200 Trident Respawn Rate:1200
[19:35:05] [Server thread/INFO]: Nerfing mobs spawned from spawners: false
[19:35:05] [Server thread/INFO]: Zombie Aggressive Towards Villager: true
[19:35:05] [Server thread/INFO]: Experience Merge Radius: 3.0
[19:35:05] [Server thread/INFO]: Mob Spawn Range: 6
[19:35:05] [Server thread/INFO]: Cactus Growth Modifier: 100%
[19:35:05] [Server thread/INFO]: Cane Growth Modifier: 100%
[19:35:05] [Server thread/INFO]: Melon Growth Modifier: 100%
[19:35:05] [Server thread/INFO]: Mushroom Growth Modifier: 100%
[19:35:05] [Server thread/INFO]: Pumpkin Growth Modifier: 100%
[19:35:05] [Server thread/INFO]: Sapling Growth Modifier: 100%
[19:35:05] [Server thread/INFO]: Beetroot Growth Modifier: 100%
[19:35:05] [Server thread/INFO]: Carrot Growth Modifier: 100%
[19:35:05] [Server thread/INFO]: Potato Growth Modifier: 100%
[19:35:05] [Server thread/INFO]: Wheat Growth Modifier: 100%
[19:35:05] [Server thread/INFO]: NetherWart Growth Modifier: 100%
[19:35:05] [Server thread/INFO]: Vine Growth Modifier: 100%
[19:35:05] [Server thread/INFO]: Cocoa Growth Modifier: 100%
[19:35:05] [Server thread/INFO]: Bamboo Growth Modifier: 100%
[19:35:05] [Server thread/INFO]: SweetBerry Growth Modifier: 100%
[19:35:05] [Server thread/INFO]: Kelp Growth Modifier: 100%
[19:35:05] [Server thread/INFO]: Entity Activation Range: An 32 / Mo 32 / Ra 48 / Mi 16 / Tiv true
[19:35:05] [Server thread/INFO]: Entity Tracking Range: Pl 48 / An 48 / Mo 48 / Mi 32 / Other 64
[19:35:05] [Server thread/INFO]: Hopper Transfer: 8 Hopper Check: 1 Hopper Amount: 1
[19:35:05] [Server thread/INFO]: Custom Map Seeds:  Village: 10387312 Desert: 14357617 Igloo: 14357618 Jungle: 14357619 Swamp: 14357620 Monument: 10387313 Ocean: 14357621 Shipwreck: 165745295 End City: 10387313 Slime: 987234911 Bastion: 30084232 Fortress: 30084232 Mansion: 10387319 Fossil: 14357921 Portal: 34222645
[19:35:05] [Server thread/INFO]: Max TNT Explosions: 100
[19:35:05] [Server thread/INFO]: Tile Max Tick Time: 50ms Entity max Tick Time: 50ms
[19:35:05] [Server thread/INFO]: [Oxyo-Core] Disabling Oxyo-Core v2.0.0
[19:35:05] [Server thread/INFO]: [EasyCraftAPI] Disabling EasyCraftAPI v1.2
[19:35:05] [Server thread/INFO]: [EasyCraftApi] DEBUG : PLUGIN UNLOADED
[19:35:05] [Server thread/INFO]: Reloading ResourceManager: Default, bukkit
[19:35:05] [Server thread/INFO]: Loaded 7 recipes
[19:35:06] [Server thread/INFO]: [EasyCraftAPI] Loading EasyCraftAPI v1.2
[19:35:06] [Server thread/INFO]: [Oxyo-Core] Loading Oxyo-Core v2.0.0
[19:35:06] [Server thread/INFO]: [EasyCraftAPI] Enabling EasyCraftAPI v1.2
[19:35:06] [Server thread/INFO]: [EasyCraftApi] DEBUG : PLUGIN LOADED
[19:35:06] [Server thread/INFO]: [EasyCraftApi] Registering Item null...
[19:35:06] [Server thread/INFO]: [Oxyo-Core] Enabling Oxyo-Core v2.0.0
[19:35:06] [Server thread/INFO]: Server permissions file permissions.yml is empty, ignoring it
[19:35:06] [Server thread/INFO]: CONSOLE: Reload complete.
[19:35:09] [Server thread/INFO]: Birdo770 issued server command: /pvp test
[19:35:09] [Server thread/INFO]: 4.5
[19:35:09] [Server thread/INFO]: 4.5
[19:35:09] [Server thread/INFO]: 4.5
[19:35:09] [Server thread/INFO]: 4.5
[19:35:09] [Server thread/INFO]: 4.5
[19:35:09] [Server thread/INFO]: 4.5
[19:35:09] [Server thread/INFO]: 4.5
[19:35:09] [Server thread/INFO]: 4.5
[19:35:09] [Server thread/INFO]: 4.5
[19:37:54] [Server thread/INFO]: CONSOLE: Please note that this command is not supported and may cause issues when using some plugins.
[19:37:54] [Server thread/INFO]: CONSOLE: If you encounter any issues please use the /stop command to restart your server.
[19:37:54] [Server thread/INFO]: Debug logging is disabled
[19:37:54] [Server thread/INFO]: Server Ping Player Sample Count: 12
[19:37:54] [Server thread/INFO]: Using 4 threads for Netty based IO
[19:37:54] [Server thread/INFO]: -------- World Settings For [world] --------
[19:37:54] [Server thread/INFO]: Allow Zombie Pigmen to spawn from portal blocks: true
[19:37:54] [Server thread/INFO]: Item Merge Radius: 2.5
[19:37:54] [Server thread/INFO]: Item Despawn Rate: 6000
[19:37:54] [Server thread/INFO]: Simulation Distance: 10
[19:37:54] [Server thread/INFO]: View Distance: 10
[19:37:54] [Server thread/INFO]: Arrow Despawn Rate: 1200 Trident Respawn Rate:1200
[19:37:54] [Server thread/INFO]: Nerfing mobs spawned from spawners: false
[19:37:54] [Server thread/INFO]: Zombie Aggressive Towards Villager: true
[19:37:54] [Server thread/INFO]: Experience Merge Radius: 3.0
[19:37:54] [Server thread/INFO]: Mob Spawn Range: 6
[19:37:54] [Server thread/INFO]: Cactus Growth Modifier: 100%
[19:37:54] [Server thread/INFO]: Cane Growth Modifier: 100%
[19:37:54] [Server thread/INFO]: Melon Growth Modifier: 100%
[19:37:54] [Server thread/INFO]: Mushroom Growth Modifier: 100%
[19:37:54] [Server thread/INFO]: Pumpkin Growth Modifier: 100%
[19:37:54] [Server thread/INFO]: Sapling Growth Modifier: 100%
[19:37:54] [Server thread/INFO]: Beetroot Growth Modifier: 100%
[19:37:54] [Server thread/INFO]: Carrot Growth Modifier: 100%
[19:37:54] [Server thread/INFO]: Potato Growth Modifier: 100%
[19:37:54] [Server thread/INFO]: Wheat Growth Modifier: 100%
[19:37:54] [Server thread/INFO]: NetherWart Growth Modifier: 100%
[19:37:54] [Server thread/INFO]: Vine Growth Modifier: 100%
[19:37:54] [Server thread/INFO]: Cocoa Growth Modifier: 100%
[19:37:54] [Server thread/INFO]: Bamboo Growth Modifier: 100%
[19:37:54] [Server thread/INFO]: SweetBerry Growth Modifier: 100%
[19:37:54] [Server thread/INFO]: Kelp Growth Modifier: 100%
[19:37:54] [Server thread/INFO]: Entity Activation Range: An 32 / Mo 32 / Ra 48 / Mi 16 / Tiv true
[19:37:54] [Server thread/INFO]: Entity Tracking Range: Pl 48 / An 48 / Mo 48 / Mi 32 / Other 64
[19:37:54] [Server thread/INFO]: Hopper Transfer: 8 Hopper Check: 1 Hopper Amount: 1
[19:37:54] [Server thread/INFO]: Custom Map Seeds:  Village: 10387312 Desert: 14357617 Igloo: 14357618 Jungle: 14357619 Swamp: 14357620 Monument: 10387313 Ocean: 14357621 Shipwreck: 165745295 End City: 10387313 Slime: 987234911 Bastion: 30084232 Fortress: 30084232 Mansion: 10387319 Fossil: 14357921 Portal: 34222645
[19:37:54] [Server thread/INFO]: Max TNT Explosions: 100
[19:37:54] [Server thread/INFO]: Tile Max Tick Time: 50ms Entity max Tick Time: 50ms
[19:37:54] [Server thread/INFO]: -------- World Settings For [world_nether] --------
[19:37:54] [Server thread/INFO]: Allow Zombie Pigmen to spawn from portal blocks: true
[19:37:54] [Server thread/INFO]: Item Merge Radius: 2.5
[19:37:54] [Server thread/INFO]: Item Despawn Rate: 6000
[19:37:54] [Server thread/INFO]: Simulation Distance: 10
[19:37:54] [Server thread/INFO]: View Distance: 10
[19:37:54] [Server thread/INFO]: Arrow Despawn Rate: 1200 Trident Respawn Rate:1200
[19:37:54] [Server thread/INFO]: Nerfing mobs spawned from spawners: false
[19:37:54] [Server thread/INFO]: Zombie Aggressive Towards Villager: true
[19:37:54] [Server thread/INFO]: Experience Merge Radius: 3.0
[19:37:54] [Server thread/INFO]: Mob Spawn Range: 6
[19:37:54] [Server thread/INFO]: Cactus Growth Modifier: 100%
[19:37:54] [Server thread/INFO]: Cane Growth Modifier: 100%
[19:37:54] [Server thread/INFO]: Melon Growth Modifier: 100%
[19:37:54] [Server thread/INFO]: Mushroom Growth Modifier: 100%
[19:37:54] [Server thread/INFO]: Pumpkin Growth Modifier: 100%
[19:37:54] [Server thread/INFO]: Sapling Growth Modifier: 100%
[19:37:54] [Server thread/INFO]: Beetroot Growth Modifier: 100%
[19:37:54] [Server thread/INFO]: Carrot Growth Modifier: 100%
[19:37:54] [Server thread/INFO]: Potato Growth Modifier: 100%
[19:37:54] [Server thread/INFO]: Wheat Growth Modifier: 100%
[19:37:54] [Server thread/INFO]: NetherWart Growth Modifier: 100%
[19:37:54] [Server thread/INFO]: Vine Growth Modifier: 100%
[19:37:54] [Server thread/INFO]: Cocoa Growth Modifier: 100%
[19:37:54] [Server thread/INFO]: Bamboo Growth Modifier: 100%
[19:37:54] [Server thread/INFO]: SweetBerry Growth Modifier: 100%
[19:37:54] [Server thread/INFO]: Kelp Growth Modifier: 100%
[19:37:54] [Server thread/INFO]: Entity Activation Range: An 32 / Mo 32 / Ra 48 / Mi 16 / Tiv true
[19:37:54] [Server thread/INFO]: Entity Tracking Range: Pl 48 / An 48 / Mo 48 / Mi 32 / Other 64
[19:37:54] [Server thread/INFO]: Hopper Transfer: 8 Hopper Check: 1 Hopper Amount: 1
[19:37:54] [Server thread/INFO]: Custom Map Seeds:  Village: 10387312 Desert: 14357617 Igloo: 14357618 Jungle: 14357619 Swamp: 14357620 Monument: 10387313 Ocean: 14357621 Shipwreck: 165745295 End City: 10387313 Slime: 987234911 Bastion: 30084232 Fortress: 30084232 Mansion: 10387319 Fossil: 14357921 Portal: 34222645
[19:37:54] [Server thread/INFO]: Max TNT Explosions: 100
[19:37:54] [Server thread/INFO]: Tile Max Tick Time: 50ms Entity max Tick Time: 50ms
[19:37:54] [Server thread/INFO]: -------- World Settings For [world_the_end] --------
[19:37:54] [Server thread/INFO]: Allow Zombie Pigmen to spawn from portal blocks: true
[19:37:54] [Server thread/INFO]: Item Merge Radius: 2.5
[19:37:54] [Server thread/INFO]: Item Despawn Rate: 6000
[19:37:54] [Server thread/INFO]: Simulation Distance: 10
[19:37:54] [Server thread/INFO]: View Distance: 10
[19:37:54] [Server thread/INFO]: Arrow Despawn Rate: 1200 Trident Respawn Rate:1200
[19:37:54] [Server thread/INFO]: Nerfing mobs spawned from spawners: false
[19:37:54] [Server thread/INFO]: Zombie Aggressive Towards Villager: true
[19:37:54] [Server thread/INFO]: Experience Merge Radius: 3.0
[19:37:54] [Server thread/INFO]: Mob Spawn Range: 6
[19:37:54] [Server thread/INFO]: Cactus Growth Modifier: 100%
[19:37:54] [Server thread/INFO]: Cane Growth Modifier: 100%
[19:37:54] [Server thread/INFO]: Melon Growth Modifier: 100%
[19:37:54] [Server thread/INFO]: Mushroom Growth Modifier: 100%
[19:37:54] [Server thread/INFO]: Pumpkin Growth Modifier: 100%
[19:37:54] [Server thread/INFO]: Sapling Growth Modifier: 100%
[19:37:54] [Server thread/INFO]: Beetroot Growth Modifier: 100%
[19:37:54] [Server thread/INFO]: Carrot Growth Modifier: 100%
[19:37:54] [Server thread/INFO]: Potato Growth Modifier: 100%
[19:37:54] [Server thread/INFO]: Wheat Growth Modifier: 100%
[19:37:54] [Server thread/INFO]: NetherWart Growth Modifier: 100%
[19:37:54] [Server thread/INFO]: Vine Growth Modifier: 100%
[19:37:54] [Server thread/INFO]: Cocoa Growth Modifier: 100%
[19:37:54] [Server thread/INFO]: Bamboo Growth Modifier: 100%
[19:37:54] [Server thread/INFO]: SweetBerry Growth Modifier: 100%
[19:37:54] [Server thread/INFO]: Kelp Growth Modifier: 100%
[19:37:54] [Server thread/INFO]: Entity Activation Range: An 32 / Mo 32 / Ra 48 / Mi 16 / Tiv true
[19:37:54] [Server thread/INFO]: Entity Tracking Range: Pl 48 / An 48 / Mo 48 / Mi 32 / Other 64
[19:37:54] [Server thread/INFO]: Hopper Transfer: 8 Hopper Check: 1 Hopper Amount: 1
[19:37:54] [Server thread/INFO]: Custom Map Seeds:  Village: 10387312 Desert: 14357617 Igloo: 14357618 Jungle: 14357619 Swamp: 14357620 Monument: 10387313 Ocean: 14357621 Shipwreck: 165745295 End City: 10387313 Slime: 987234911 Bastion: 30084232 Fortress: 30084232 Mansion: 10387319 Fossil: 14357921 Portal: 34222645
[19:37:54] [Server thread/INFO]: Max TNT Explosions: 100
[19:37:54] [Server thread/INFO]: Tile Max Tick Time: 50ms Entity max Tick Time: 50ms
[19:37:54] [Server thread/INFO]: [Oxyo-Core] Disabling Oxyo-Core v2.0.0
[19:37:54] [Server thread/INFO]: [EasyCraftAPI] Disabling EasyCraftAPI v1.2
[19:37:54] [Server thread/INFO]: [EasyCraftApi] DEBUG : PLUGIN UNLOADED
[19:37:54] [Server thread/INFO]: Reloading ResourceManager: Default, bukkit
[19:37:54] [Server thread/INFO]: Loaded 7 recipes
[19:37:54] [Server thread/INFO]: [EasyCraftAPI] Loading EasyCraftAPI v1.2
[19:37:54] [Server thread/INFO]: [Oxyo-Core] Loading Oxyo-Core v2.0.0
[19:37:54] [Server thread/INFO]: [EasyCraftAPI] Enabling EasyCraftAPI v1.2
[19:37:54] [Server thread/INFO]: [EasyCraftApi] DEBUG : PLUGIN LOADED
[19:37:54] [Server thread/INFO]: [EasyCraftApi] Registering Item null...
[19:37:54] [Server thread/INFO]: [Oxyo-Core] Enabling Oxyo-Core v2.0.0
[19:37:54] [Server thread/INFO]: Server permissions file permissions.yml is empty, ignoring it
[19:37:54] [Server thread/INFO]: CONSOLE: Reload complete.
[19:37:57] [Server thread/INFO]: Birdo770 issued server command: /pvp test
[19:37:57] [Server thread/INFO]: 0
[19:37:57] [Server thread/INFO]: 0
[19:37:57] [Server thread/INFO]: 0
[19:37:57] [Server thread/INFO]: 0
[19:37:57] [Server thread/INFO]: 0
[19:37:57] [Server thread/INFO]: 0
[19:37:57] [Server thread/INFO]: 0
[19:37:57] [Server thread/INFO]: 0
[19:37:57] [Server thread/INFO]: 0
[19:38:55] [Server thread/INFO]: CONSOLE: Please note that this command is not supported and may cause issues when using some plugins.
[19:38:55] [Server thread/INFO]: CONSOLE: If you encounter any issues please use the /stop command to restart your server.
[19:38:55] [Server thread/INFO]: Debug logging is disabled
[19:38:55] [Server thread/INFO]: Server Ping Player Sample Count: 12
[19:38:55] [Server thread/INFO]: Using 4 threads for Netty based IO
[19:38:55] [Server thread/INFO]: -------- World Settings For [world] --------
[19:38:55] [Server thread/INFO]: Allow Zombie Pigmen to spawn from portal blocks: true
[19:38:55] [Server thread/INFO]: Item Merge Radius: 2.5
[19:38:55] [Server thread/INFO]: Item Despawn Rate: 6000
[19:38:55] [Server thread/INFO]: Simulation Distance: 10
[19:38:55] [Server thread/INFO]: View Distance: 10
[19:38:55] [Server thread/INFO]: Arrow Despawn Rate: 1200 Trident Respawn Rate:1200
[19:38:55] [Server thread/INFO]: Nerfing mobs spawned from spawners: false
[19:38:55] [Server thread/INFO]: Zombie Aggressive Towards Villager: true
[19:38:55] [Server thread/INFO]: Experience Merge Radius: 3.0
[19:38:55] [Server thread/INFO]: Mob Spawn Range: 6
[19:38:55] [Server thread/INFO]: Cactus Growth Modifier: 100%
[19:38:55] [Server thread/INFO]: Cane Growth Modifier: 100%
[19:38:55] [Server thread/INFO]: Melon Growth Modifier: 100%
[19:38:55] [Server thread/INFO]: Mushroom Growth Modifier: 100%
[19:38:55] [Server thread/INFO]: Pumpkin Growth Modifier: 100%
[19:38:55] [Server thread/INFO]: Sapling Growth Modifier: 100%
[19:38:55] [Server thread/INFO]: Beetroot Growth Modifier: 100%
[19:38:55] [Server thread/INFO]: Carrot Growth Modifier: 100%
[19:38:55] [Server thread/INFO]: Potato Growth Modifier: 100%
[19:38:55] [Server thread/INFO]: Wheat Growth Modifier: 100%
[19:38:55] [Server thread/INFO]: NetherWart Growth Modifier: 100%
[19:38:55] [Server thread/INFO]: Vine Growth Modifier: 100%
[19:38:55] [Server thread/INFO]: Cocoa Growth Modifier: 100%
[19:38:55] [Server thread/INFO]: Bamboo Growth Modifier: 100%
[19:38:55] [Server thread/INFO]: SweetBerry Growth Modifier: 100%
[19:38:55] [Server thread/INFO]: Kelp Growth Modifier: 100%
[19:38:55] [Server thread/INFO]: Entity Activation Range: An 32 / Mo 32 / Ra 48 / Mi 16 / Tiv true
[19:38:55] [Server thread/INFO]: Entity Tracking Range: Pl 48 / An 48 / Mo 48 / Mi 32 / Other 64
[19:38:55] [Server thread/INFO]: Hopper Transfer: 8 Hopper Check: 1 Hopper Amount: 1
[19:38:55] [Server thread/INFO]: Custom Map Seeds:  Village: 10387312 Desert: 14357617 Igloo: 14357618 Jungle: 14357619 Swamp: 14357620 Monument: 10387313 Ocean: 14357621 Shipwreck: 165745295 End City: 10387313 Slime: 987234911 Bastion: 30084232 Fortress: 30084232 Mansion: 10387319 Fossil: 14357921 Portal: 34222645
[19:38:55] [Server thread/INFO]: Max TNT Explosions: 100
[19:38:55] [Server thread/INFO]: Tile Max Tick Time: 50ms Entity max Tick Time: 50ms
[19:38:55] [Server thread/INFO]: -------- World Settings For [world_nether] --------
[19:38:55] [Server thread/INFO]: Allow Zombie Pigmen to spawn from portal blocks: true
[19:38:55] [Server thread/INFO]: Item Merge Radius: 2.5
[19:38:55] [Server thread/INFO]: Item Despawn Rate: 6000
[19:38:55] [Server thread/INFO]: Simulation Distance: 10
[19:38:55] [Server thread/INFO]: View Distance: 10
[19:38:55] [Server thread/INFO]: Arrow Despawn Rate: 1200 Trident Respawn Rate:1200
[19:38:55] [Server thread/INFO]: Nerfing mobs spawned from spawners: false
[19:38:55] [Server thread/INFO]: Zombie Aggressive Towards Villager: true
[19:38:55] [Server thread/INFO]: Experience Merge Radius: 3.0
[19:38:55] [Server thread/INFO]: Mob Spawn Range: 6
[19:38:55] [Server thread/INFO]: Cactus Growth Modifier: 100%
[19:38:55] [Server thread/INFO]: Cane Growth Modifier: 100%
[19:38:55] [Server thread/INFO]: Melon Growth Modifier: 100%
[19:38:55] [Server thread/INFO]: Mushroom Growth Modifier: 100%
[19:38:55] [Server thread/INFO]: Pumpkin Growth Modifier: 100%
[19:38:55] [Server thread/INFO]: Sapling Growth Modifier: 100%
[19:38:55] [Server thread/INFO]: Beetroot Growth Modifier: 100%
[19:38:55] [Server thread/INFO]: Carrot Growth Modifier: 100%
[19:38:55] [Server thread/INFO]: Potato Growth Modifier: 100%
[19:38:55] [Server thread/INFO]: Wheat Growth Modifier: 100%
[19:38:55] [Server thread/INFO]: NetherWart Growth Modifier: 100%
[19:38:55] [Server thread/INFO]: Vine Growth Modifier: 100%
[19:38:55] [Server thread/INFO]: Cocoa Growth Modifier: 100%
[19:38:55] [Server thread/INFO]: Bamboo Growth Modifier: 100%
[19:38:55] [Server thread/INFO]: SweetBerry Growth Modifier: 100%
[19:38:55] [Server thread/INFO]: Kelp Growth Modifier: 100%
[19:38:55] [Server thread/INFO]: Entity Activation Range: An 32 / Mo 32 / Ra 48 / Mi 16 / Tiv true
[19:38:55] [Server thread/INFO]: Entity Tracking Range: Pl 48 / An 48 / Mo 48 / Mi 32 / Other 64
[19:38:55] [Server thread/INFO]: Hopper Transfer: 8 Hopper Check: 1 Hopper Amount: 1
[19:38:55] [Server thread/INFO]: Custom Map Seeds:  Village: 10387312 Desert: 14357617 Igloo: 14357618 Jungle: 14357619 Swamp: 14357620 Monument: 10387313 Ocean: 14357621 Shipwreck: 165745295 End City: 10387313 Slime: 987234911 Bastion: 30084232 Fortress: 30084232 Mansion: 10387319 Fossil: 14357921 Portal: 34222645
[19:38:55] [Server thread/INFO]: Max TNT Explosions: 100
[19:38:55] [Server thread/INFO]: Tile Max Tick Time: 50ms Entity max Tick Time: 50ms
[19:38:55] [Server thread/INFO]: -------- World Settings For [world_the_end] --------
[19:38:55] [Server thread/INFO]: Allow Zombie Pigmen to spawn from portal blocks: true
[19:38:55] [Server thread/INFO]: Item Merge Radius: 2.5
[19:38:55] [Server thread/INFO]: Item Despawn Rate: 6000
[19:38:55] [Server thread/INFO]: Simulation Distance: 10
[19:38:55] [Server thread/INFO]: View Distance: 10
[19:38:55] [Server thread/INFO]: Arrow Despawn Rate: 1200 Trident Respawn Rate:1200
[19:38:55] [Server thread/INFO]: Nerfing mobs spawned from spawners: false
[19:38:55] [Server thread/INFO]: Zombie Aggressive Towards Villager: true
[19:38:55] [Server thread/INFO]: Experience Merge Radius: 3.0
[19:38:55] [Server thread/INFO]: Mob Spawn Range: 6
[19:38:55] [Server thread/INFO]: Cactus Growth Modifier: 100%
[19:38:55] [Server thread/INFO]: Cane Growth Modifier: 100%
[19:38:55] [Server thread/INFO]: Melon Growth Modifier: 100%
[19:38:55] [Server thread/INFO]: Mushroom Growth Modifier: 100%
[19:38:55] [Server thread/INFO]: Pumpkin Growth Modifier: 100%
[19:38:55] [Server thread/INFO]: Sapling Growth Modifier: 100%
[19:38:55] [Server thread/INFO]: Beetroot Growth Modifier: 100%
[19:38:55] [Server thread/INFO]: Carrot Growth Modifier: 100%
[19:38:55] [Server thread/INFO]: Potato Growth Modifier: 100%
[19:38:55] [Server thread/INFO]: Wheat Growth Modifier: 100%
[19:38:55] [Server thread/INFO]: NetherWart Growth Modifier: 100%
[19:38:55] [Server thread/INFO]: Vine Growth Modifier: 100%
[19:38:55] [Server thread/INFO]: Cocoa Growth Modifier: 100%
[19:38:55] [Server thread/INFO]: Bamboo Growth Modifier: 100%
[19:38:55] [Server thread/INFO]: SweetBerry Growth Modifier: 100%
[19:38:55] [Server thread/INFO]: Kelp Growth Modifier: 100%
[19:38:55] [Server thread/INFO]: Entity Activation Range: An 32 / Mo 32 / Ra 48 / Mi 16 / Tiv true
[19:38:55] [Server thread/INFO]: Entity Tracking Range: Pl 48 / An 48 / Mo 48 / Mi 32 / Other 64
[19:38:55] [Server thread/INFO]: Hopper Transfer: 8 Hopper Check: 1 Hopper Amount: 1
[19:38:55] [Server thread/INFO]: Custom Map Seeds:  Village: 10387312 Desert: 14357617 Igloo: 14357618 Jungle: 14357619 Swamp: 14357620 Monument: 10387313 Ocean: 14357621 Shipwreck: 165745295 End City: 10387313 Slime: 987234911 Bastion: 30084232 Fortress: 30084232 Mansion: 10387319 Fossil: 14357921 Portal: 34222645
[19:38:55] [Server thread/INFO]: Max TNT Explosions: 100
[19:38:55] [Server thread/INFO]: Tile Max Tick Time: 50ms Entity max Tick Time: 50ms
[19:38:55] [Server thread/INFO]: [Oxyo-Core] Disabling Oxyo-Core v2.0.0
[19:38:55] [Server thread/INFO]: [EasyCraftAPI] Disabling EasyCraftAPI v1.2
[19:38:55] [Server thread/INFO]: [EasyCraftApi] DEBUG : PLUGIN UNLOADED
[19:38:55] [Server thread/INFO]: Reloading ResourceManager: Default, bukkit
[19:38:55] [Server thread/INFO]: Loaded 7 recipes
[19:38:55] [Server thread/INFO]: [EasyCraftAPI] Loading EasyCraftAPI v1.2
[19:38:55] [Server thread/INFO]: [Oxyo-Core] Loading Oxyo-Core v2.0.0
[19:38:55] [Server thread/INFO]: [EasyCraftAPI] Enabling EasyCraftAPI v1.2
[19:38:55] [Server thread/INFO]: [EasyCraftApi] DEBUG : PLUGIN LOADED
[19:38:55] [Server thread/INFO]: [EasyCraftApi] Registering Item null...
[19:38:55] [Server thread/INFO]: [Oxyo-Core] Enabling Oxyo-Core v2.0.0
[19:38:55] [Server thread/INFO]: Server permissions file permissions.yml is empty, ignoring it
[19:38:55] [Server thread/INFO]: CONSOLE: Reload complete.
[19:39:03] [Server thread/INFO]: Birdo770 issued server command: /pvp test
[19:39:03] [Server thread/INFO]: 5
[19:39:03] [Server thread/INFO]: 5
[19:39:03] [Server thread/INFO]: 5
[19:39:03] [Server thread/INFO]: 5
[19:39:03] [Server thread/INFO]: 5
[19:39:03] [Server thread/INFO]: 5
[19:39:03] [Server thread/INFO]: 5
[19:39:03] [Server thread/INFO]: 5
[19:39:03] [Server thread/INFO]: 5
[19:42:37] [Server thread/INFO]: CONSOLE: Please note that this command is not supported and may cause issues when using some plugins.
[19:42:37] [Server thread/INFO]: CONSOLE: If you encounter any issues please use the /stop command to restart your server.
[19:42:37] [Server thread/INFO]: Debug logging is disabled
[19:42:37] [Server thread/INFO]: Server Ping Player Sample Count: 12
[19:42:37] [Server thread/INFO]: Using 4 threads for Netty based IO
[19:42:37] [Server thread/INFO]: -------- World Settings For [world] --------
[19:42:37] [Server thread/INFO]: Allow Zombie Pigmen to spawn from portal blocks: true
[19:42:37] [Server thread/INFO]: Item Merge Radius: 2.5
[19:42:37] [Server thread/INFO]: Item Despawn Rate: 6000
[19:42:37] [Server thread/INFO]: Simulation Distance: 10
[19:42:37] [Server thread/INFO]: View Distance: 10
[19:42:37] [Server thread/INFO]: Arrow Despawn Rate: 1200 Trident Respawn Rate:1200
[19:42:37] [Server thread/INFO]: Nerfing mobs spawned from spawners: false
[19:42:37] [Server thread/INFO]: Zombie Aggressive Towards Villager: true
[19:42:37] [Server thread/INFO]: Experience Merge Radius: 3.0
[19:42:37] [Server thread/INFO]: Mob Spawn Range: 6
[19:42:37] [Server thread/INFO]: Cactus Growth Modifier: 100%
[19:42:37] [Server thread/INFO]: Cane Growth Modifier: 100%
[19:42:37] [Server thread/INFO]: Melon Growth Modifier: 100%
[19:42:37] [Server thread/INFO]: Mushroom Growth Modifier: 100%
[19:42:37] [Server thread/INFO]: Pumpkin Growth Modifier: 100%
[19:42:37] [Server thread/INFO]: Sapling Growth Modifier: 100%
[19:42:37] [Server thread/INFO]: Beetroot Growth Modifier: 100%
[19:42:37] [Server thread/INFO]: Carrot Growth Modifier: 100%
[19:42:37] [Server thread/INFO]: Potato Growth Modifier: 100%
[19:42:37] [Server thread/INFO]: Wheat Growth Modifier: 100%
[19:42:37] [Server thread/INFO]: NetherWart Growth Modifier: 100%
[19:42:37] [Server thread/INFO]: Vine Growth Modifier: 100%
[19:42:37] [Server thread/INFO]: Cocoa Growth Modifier: 100%
[19:42:37] [Server thread/INFO]: Bamboo Growth Modifier: 100%
[19:42:37] [Server thread/INFO]: SweetBerry Growth Modifier: 100%
[19:42:37] [Server thread/INFO]: Kelp Growth Modifier: 100%
[19:42:37] [Server thread/INFO]: Entity Activation Range: An 32 / Mo 32 / Ra 48 / Mi 16 / Tiv true
[19:42:37] [Server thread/INFO]: Entity Tracking Range: Pl 48 / An 48 / Mo 48 / Mi 32 / Other 64
[19:42:37] [Server thread/INFO]: Hopper Transfer: 8 Hopper Check: 1 Hopper Amount: 1
[19:42:37] [Server thread/INFO]: Custom Map Seeds:  Village: 10387312 Desert: 14357617 Igloo: 14357618 Jungle: 14357619 Swamp: 14357620 Monument: 10387313 Ocean: 14357621 Shipwreck: 165745295 End City: 10387313 Slime: 987234911 Bastion: 30084232 Fortress: 30084232 Mansion: 10387319 Fossil: 14357921 Portal: 34222645
[19:42:37] [Server thread/INFO]: Max TNT Explosions: 100
[19:42:37] [Server thread/INFO]: Tile Max Tick Time: 50ms Entity max Tick Time: 50ms
[19:42:37] [Server thread/INFO]: -------- World Settings For [world_nether] --------
[19:42:37] [Server thread/INFO]: Allow Zombie Pigmen to spawn from portal blocks: true
[19:42:37] [Server thread/INFO]: Item Merge Radius: 2.5
[19:42:37] [Server thread/INFO]: Item Despawn Rate: 6000
[19:42:37] [Server thread/INFO]: Simulation Distance: 10
[19:42:37] [Server thread/INFO]: View Distance: 10
[19:42:37] [Server thread/INFO]: Arrow Despawn Rate: 1200 Trident Respawn Rate:1200
[19:42:37] [Server thread/INFO]: Nerfing mobs spawned from spawners: false
[19:42:37] [Server thread/INFO]: Zombie Aggressive Towards Villager: true
[19:42:37] [Server thread/INFO]: Experience Merge Radius: 3.0
[19:42:37] [Server thread/INFO]: Mob Spawn Range: 6
[19:42:37] [Server thread/INFO]: Cactus Growth Modifier: 100%
[19:42:37] [Server thread/INFO]: Cane Growth Modifier: 100%
[19:42:37] [Server thread/INFO]: Melon Growth Modifier: 100%
[19:42:37] [Server thread/INFO]: Mushroom Growth Modifier: 100%
[19:42:37] [Server thread/INFO]: Pumpkin Growth Modifier: 100%
[19:42:37] [Server thread/INFO]: Sapling Growth Modifier: 100%
[19:42:37] [Server thread/INFO]: Beetroot Growth Modifier: 100%
[19:42:37] [Server thread/INFO]: Carrot Growth Modifier: 100%
[19:42:37] [Server thread/INFO]: Potato Growth Modifier: 100%
[19:42:37] [Server thread/INFO]: Wheat Growth Modifier: 100%
[19:42:37] [Server thread/INFO]: NetherWart Growth Modifier: 100%
[19:42:37] [Server thread/INFO]: Vine Growth Modifier: 100%
[19:42:37] [Server thread/INFO]: Cocoa Growth Modifier: 100%
[19:42:37] [Server thread/INFO]: Bamboo Growth Modifier: 100%
[19:42:37] [Server thread/INFO]: SweetBerry Growth Modifier: 100%
[19:42:37] [Server thread/INFO]: Kelp Growth Modifier: 100%
[19:42:37] [Server thread/INFO]: Entity Activation Range: An 32 / Mo 32 / Ra 48 / Mi 16 / Tiv true
[19:42:37] [Server thread/INFO]: Entity Tracking Range: Pl 48 / An 48 / Mo 48 / Mi 32 / Other 64
[19:42:37] [Server thread/INFO]: Hopper Transfer: 8 Hopper Check: 1 Hopper Amount: 1
[19:42:37] [Server thread/INFO]: Custom Map Seeds:  Village: 10387312 Desert: 14357617 Igloo: 14357618 Jungle: 14357619 Swamp: 14357620 Monument: 10387313 Ocean: 14357621 Shipwreck: 165745295 End City: 10387313 Slime: 987234911 Bastion: 30084232 Fortress: 30084232 Mansion: 10387319 Fossil: 14357921 Portal: 34222645
[19:42:37] [Server thread/INFO]: Max TNT Explosions: 100
[19:42:37] [Server thread/INFO]: Tile Max Tick Time: 50ms Entity max Tick Time: 50ms
[19:42:37] [Server thread/INFO]: -------- World Settings For [world_the_end] --------
[19:42:37] [Server thread/INFO]: Allow Zombie Pigmen to spawn from portal blocks: true
[19:42:37] [Server thread/INFO]: Item Merge Radius: 2.5
[19:42:37] [Server thread/INFO]: Item Despawn Rate: 6000
[19:42:37] [Server thread/INFO]: Simulation Distance: 10
[19:42:37] [Server thread/INFO]: View Distance: 10
[19:42:37] [Server thread/INFO]: Arrow Despawn Rate: 1200 Trident Respawn Rate:1200
[19:42:37] [Server thread/INFO]: Nerfing mobs spawned from spawners: false
[19:42:37] [Server thread/INFO]: Zombie Aggressive Towards Villager: true
[19:42:37] [Server thread/INFO]: Experience Merge Radius: 3.0
[19:42:37] [Server thread/INFO]: Mob Spawn Range: 6
[19:42:37] [Server thread/INFO]: Cactus Growth Modifier: 100%
[19:42:37] [Server thread/INFO]: Cane Growth Modifier: 100%
[19:42:37] [Server thread/INFO]: Melon Growth Modifier: 100%
[19:42:37] [Server thread/INFO]: Mushroom Growth Modifier: 100%
[19:42:37] [Server thread/INFO]: Pumpkin Growth Modifier: 100%
[19:42:37] [Server thread/INFO]: Sapling Growth Modifier: 100%
[19:42:37] [Server thread/INFO]: Beetroot Growth Modifier: 100%
[19:42:37] [Server thread/INFO]: Carrot Growth Modifier: 100%
[19:42:37] [Server thread/INFO]: Potato Growth Modifier: 100%
[19:42:37] [Server thread/INFO]: Wheat Growth Modifier: 100%
[19:42:37] [Server thread/INFO]: NetherWart Growth Modifier: 100%
[19:42:37] [Server thread/INFO]: Vine Growth Modifier: 100%
[19:42:37] [Server thread/INFO]: Cocoa Growth Modifier: 100%
[19:42:37] [Server thread/INFO]: Bamboo Growth Modifier: 100%
[19:42:37] [Server thread/INFO]: SweetBerry Growth Modifier: 100%
[19:42:37] [Server thread/INFO]: Kelp Growth Modifier: 100%
[19:42:37] [Server thread/INFO]: Entity Activation Range: An 32 / Mo 32 / Ra 48 / Mi 16 / Tiv true
[19:42:37] [Server thread/INFO]: Entity Tracking Range: Pl 48 / An 48 / Mo 48 / Mi 32 / Other 64
[19:42:37] [Server thread/INFO]: Hopper Transfer: 8 Hopper Check: 1 Hopper Amount: 1
[19:42:37] [Server thread/INFO]: Custom Map Seeds:  Village: 10387312 Desert: 14357617 Igloo: 14357618 Jungle: 14357619 Swamp: 14357620 Monument: 10387313 Ocean: 14357621 Shipwreck: 165745295 End City: 10387313 Slime: 987234911 Bastion: 30084232 Fortress: 30084232 Mansion: 10387319 Fossil: 14357921 Portal: 34222645
[19:42:37] [Server thread/INFO]: Max TNT Explosions: 100
[19:42:37] [Server thread/INFO]: Tile Max Tick Time: 50ms Entity max Tick Time: 50ms
[19:42:37] [Server thread/INFO]: [Oxyo-Core] Disabling Oxyo-Core v2.0.0
[19:42:37] [Server thread/INFO]: [EasyCraftAPI] Disabling EasyCraftAPI v1.2
[19:42:37] [Server thread/INFO]: [EasyCraftApi] DEBUG : PLUGIN UNLOADED
[19:42:37] [Server thread/INFO]: Reloading ResourceManager: Default, bukkit
[19:42:37] [Server thread/INFO]: Loaded 7 recipes
[19:42:37] [Server thread/INFO]: [EasyCraftAPI] Loading EasyCraftAPI v1.2
[19:42:37] [Server thread/INFO]: [Oxyo-Core] Loading Oxyo-Core v2.0.0
[19:42:37] [Server thread/INFO]: [EasyCraftAPI] Enabling EasyCraftAPI v1.2
[19:42:37] [Server thread/INFO]: [EasyCraftApi] DEBUG : PLUGIN LOADED
[19:42:37] [Server thread/INFO]: [EasyCraftApi] Registering Item null...
[19:42:37] [Server thread/INFO]: [Oxyo-Core] Enabling Oxyo-Core v2.0.0
[19:42:37] [Server thread/INFO]: Server permissions file permissions.yml is empty, ignoring it
[19:42:37] [Server thread/INFO]: CONSOLE: Reload complete.
[19:42:41] [Server thread/INFO]: Birdo770 issued server command: /pvp test
[19:42:55] [Server thread/INFO]: Birdo770 issued server command: /pvp test
[19:43:40] [Server thread/INFO]: CONSOLE: Please note that this command is not supported and may cause issues when using some plugins.
[19:43:40] [Server thread/INFO]: CONSOLE: If you encounter any issues please use the /stop command to restart your server.
[19:43:40] [Server thread/INFO]: Debug logging is disabled
[19:43:40] [Server thread/INFO]: Server Ping Player Sample Count: 12
[19:43:40] [Server thread/INFO]: Using 4 threads for Netty based IO
[19:43:40] [Server thread/INFO]: -------- World Settings For [world] --------
[19:43:40] [Server thread/INFO]: Allow Zombie Pigmen to spawn from portal blocks: true
[19:43:40] [Server thread/INFO]: Item Merge Radius: 2.5
[19:43:40] [Server thread/INFO]: Item Despawn Rate: 6000
[19:43:40] [Server thread/INFO]: Simulation Distance: 10
[19:43:40] [Server thread/INFO]: View Distance: 10
[19:43:40] [Server thread/INFO]: Arrow Despawn Rate: 1200 Trident Respawn Rate:1200
[19:43:40] [Server thread/INFO]: Nerfing mobs spawned from spawners: false
[19:43:40] [Server thread/INFO]: Zombie Aggressive Towards Villager: true
[19:43:40] [Server thread/INFO]: Experience Merge Radius: 3.0
[19:43:40] [Server thread/INFO]: Mob Spawn Range: 6
[19:43:40] [Server thread/INFO]: Cactus Growth Modifier: 100%
[19:43:40] [Server thread/INFO]: Cane Growth Modifier: 100%
[19:43:40] [Server thread/INFO]: Melon Growth Modifier: 100%
[19:43:40] [Server thread/INFO]: Mushroom Growth Modifier: 100%
[19:43:40] [Server thread/INFO]: Pumpkin Growth Modifier: 100%
[19:43:40] [Server thread/INFO]: Sapling Growth Modifier: 100%
[19:43:40] [Server thread/INFO]: Beetroot Growth Modifier: 100%
[19:43:40] [Server thread/INFO]: Carrot Growth Modifier: 100%
[19:43:40] [Server thread/INFO]: Potato Growth Modifier: 100%
[19:43:40] [Server thread/INFO]: Wheat Growth Modifier: 100%
[19:43:40] [Server thread/INFO]: NetherWart Growth Modifier: 100%
[19:43:40] [Server thread/INFO]: Vine Growth Modifier: 100%
[19:43:40] [Server thread/INFO]: Cocoa Growth Modifier: 100%
[19:43:40] [Server thread/INFO]: Bamboo Growth Modifier: 100%
[19:43:40] [Server thread/INFO]: SweetBerry Growth Modifier: 100%
[19:43:40] [Server thread/INFO]: Kelp Growth Modifier: 100%
[19:43:40] [Server thread/INFO]: Entity Activation Range: An 32 / Mo 32 / Ra 48 / Mi 16 / Tiv true
[19:43:40] [Server thread/INFO]: Entity Tracking Range: Pl 48 / An 48 / Mo 48 / Mi 32 / Other 64
[19:43:40] [Server thread/INFO]: Hopper Transfer: 8 Hopper Check: 1 Hopper Amount: 1
[19:43:40] [Server thread/INFO]: Custom Map Seeds:  Village: 10387312 Desert: 14357617 Igloo: 14357618 Jungle: 14357619 Swamp: 14357620 Monument: 10387313 Ocean: 14357621 Shipwreck: 165745295 End City: 10387313 Slime: 987234911 Bastion: 30084232 Fortress: 30084232 Mansion: 10387319 Fossil: 14357921 Portal: 34222645
[19:43:40] [Server thread/INFO]: Max TNT Explosions: 100
[19:43:40] [Server thread/INFO]: Tile Max Tick Time: 50ms Entity max Tick Time: 50ms
[19:43:40] [Server thread/INFO]: -------- World Settings For [world_nether] --------
[19:43:40] [Server thread/INFO]: Allow Zombie Pigmen to spawn from portal blocks: true
[19:43:40] [Server thread/INFO]: Item Merge Radius: 2.5
[19:43:40] [Server thread/INFO]: Item Despawn Rate: 6000
[19:43:40] [Server thread/INFO]: Simulation Distance: 10
[19:43:40] [Server thread/INFO]: View Distance: 10
[19:43:40] [Server thread/INFO]: Arrow Despawn Rate: 1200 Trident Respawn Rate:1200
[19:43:40] [Server thread/INFO]: Nerfing mobs spawned from spawners: false
[19:43:40] [Server thread/INFO]: Zombie Aggressive Towards Villager: true
[19:43:40] [Server thread/INFO]: Experience Merge Radius: 3.0
[19:43:40] [Server thread/INFO]: Mob Spawn Range: 6
[19:43:40] [Server thread/INFO]: Cactus Growth Modifier: 100%
[19:43:40] [Server thread/INFO]: Cane Growth Modifier: 100%
[19:43:40] [Server thread/INFO]: Melon Growth Modifier: 100%
[19:43:40] [Server thread/INFO]: Mushroom Growth Modifier: 100%
[19:43:40] [Server thread/INFO]: Pumpkin Growth Modifier: 100%
[19:43:40] [Server thread/INFO]: Sapling Growth Modifier: 100%
[19:43:40] [Server thread/INFO]: Beetroot Growth Modifier: 100%
[19:43:40] [Server thread/INFO]: Carrot Growth Modifier: 100%
[19:43:40] [Server thread/INFO]: Potato Growth Modifier: 100%
[19:43:40] [Server thread/INFO]: Wheat Growth Modifier: 100%
[19:43:40] [Server thread/INFO]: NetherWart Growth Modifier: 100%
[19:43:40] [Server thread/INFO]: Vine Growth Modifier: 100%
[19:43:40] [Server thread/INFO]: Cocoa Growth Modifier: 100%
[19:43:40] [Server thread/INFO]: Bamboo Growth Modifier: 100%
[19:43:40] [Server thread/INFO]: SweetBerry Growth Modifier: 100%
[19:43:40] [Server thread/INFO]: Kelp Growth Modifier: 100%
[19:43:40] [Server thread/INFO]: Entity Activation Range: An 32 / Mo 32 / Ra 48 / Mi 16 / Tiv true
[19:43:40] [Server thread/INFO]: Entity Tracking Range: Pl 48 / An 48 / Mo 48 / Mi 32 / Other 64
[19:43:40] [Server thread/INFO]: Hopper Transfer: 8 Hopper Check: 1 Hopper Amount: 1
[19:43:40] [Server thread/INFO]: Custom Map Seeds:  Village: 10387312 Desert: 14357617 Igloo: 14357618 Jungle: 14357619 Swamp: 14357620 Monument: 10387313 Ocean: 14357621 Shipwreck: 165745295 End City: 10387313 Slime: 987234911 Bastion: 30084232 Fortress: 30084232 Mansion: 10387319 Fossil: 14357921 Portal: 34222645
[19:43:40] [Server thread/INFO]: Max TNT Explosions: 100
[19:43:40] [Server thread/INFO]: Tile Max Tick Time: 50ms Entity max Tick Time: 50ms
[19:43:40] [Server thread/INFO]: -------- World Settings For [world_the_end] --------
[19:43:40] [Server thread/INFO]: Allow Zombie Pigmen to spawn from portal blocks: true
[19:43:40] [Server thread/INFO]: Item Merge Radius: 2.5
[19:43:40] [Server thread/INFO]: Item Despawn Rate: 6000
[19:43:40] [Server thread/INFO]: Simulation Distance: 10
[19:43:40] [Server thread/INFO]: View Distance: 10
[19:43:40] [Server thread/INFO]: Arrow Despawn Rate: 1200 Trident Respawn Rate:1200
[19:43:40] [Server thread/INFO]: Nerfing mobs spawned from spawners: false
[19:43:40] [Server thread/INFO]: Zombie Aggressive Towards Villager: true
[19:43:40] [Server thread/INFO]: Experience Merge Radius: 3.0
[19:43:40] [Server thread/INFO]: Mob Spawn Range: 6
[19:43:40] [Server thread/INFO]: Cactus Growth Modifier: 100%
[19:43:40] [Server thread/INFO]: Cane Growth Modifier: 100%
[19:43:40] [Server thread/INFO]: Melon Growth Modifier: 100%
[19:43:40] [Server thread/INFO]: Mushroom Growth Modifier: 100%
[19:43:40] [Server thread/INFO]: Pumpkin Growth Modifier: 100%
[19:43:40] [Server thread/INFO]: Sapling Growth Modifier: 100%
[19:43:40] [Server thread/INFO]: Beetroot Growth Modifier: 100%
[19:43:40] [Server thread/INFO]: Carrot Growth Modifier: 100%
[19:43:40] [Server thread/INFO]: Potato Growth Modifier: 100%
[19:43:40] [Server thread/INFO]: Wheat Growth Modifier: 100%
[19:43:40] [Server thread/INFO]: NetherWart Growth Modifier: 100%
[19:43:40] [Server thread/INFO]: Vine Growth Modifier: 100%
[19:43:40] [Server thread/INFO]: Cocoa Growth Modifier: 100%
[19:43:40] [Server thread/INFO]: Bamboo Growth Modifier: 100%
[19:43:40] [Server thread/INFO]: SweetBerry Growth Modifier: 100%
[19:43:40] [Server thread/INFO]: Kelp Growth Modifier: 100%
[19:43:40] [Server thread/INFO]: Entity Activation Range: An 32 / Mo 32 / Ra 48 / Mi 16 / Tiv true
[19:43:40] [Server thread/INFO]: Entity Tracking Range: Pl 48 / An 48 / Mo 48 / Mi 32 / Other 64
[19:43:40] [Server thread/INFO]: Hopper Transfer: 8 Hopper Check: 1 Hopper Amount: 1
[19:43:40] [Server thread/INFO]: Custom Map Seeds:  Village: 10387312 Desert: 14357617 Igloo: 14357618 Jungle: 14357619 Swamp: 14357620 Monument: 10387313 Ocean: 14357621 Shipwreck: 165745295 End City: 10387313 Slime: 987234911 Bastion: 30084232 Fortress: 30084232 Mansion: 10387319 Fossil: 14357921 Portal: 34222645
[19:43:40] [Server thread/INFO]: Max TNT Explosions: 100
[19:43:40] [Server thread/INFO]: Tile Max Tick Time: 50ms Entity max Tick Time: 50ms
[19:43:40] [Server thread/INFO]: [Oxyo-Core] Disabling Oxyo-Core v2.0.0
[19:43:40] [Server thread/INFO]: [EasyCraftAPI] Disabling EasyCraftAPI v1.2
[19:43:40] [Server thread/INFO]: [EasyCraftApi] DEBUG : PLUGIN UNLOADED
[19:43:40] [Server thread/INFO]: Reloading ResourceManager: Default, bukkit
[19:43:40] [Server thread/INFO]: Loaded 7 recipes
[19:43:40] [Server thread/INFO]: [EasyCraftAPI] Loading EasyCraftAPI v1.2
[19:43:40] [Server thread/INFO]: [Oxyo-Core] Loading Oxyo-Core v2.0.0
[19:43:40] [Server thread/INFO]: [EasyCraftAPI] Enabling EasyCraftAPI v1.2
[19:43:40] [Server thread/INFO]: [EasyCraftApi] DEBUG : PLUGIN LOADED
[19:43:40] [Server thread/INFO]: [EasyCraftApi] Registering Item null...
[19:43:40] [Server thread/INFO]: [Oxyo-Core] Enabling Oxyo-Core v2.0.0
[19:43:40] [Server thread/INFO]: Server permissions file permissions.yml is empty, ignoring it
[19:43:40] [Server thread/INFO]: CONSOLE: Reload complete.
[19:43:42] [Server thread/INFO]: Birdo770 issued server command: /pvp test
[19:44:17] [Server thread/INFO]: Birdo770 lost connection: Disconnected
[19:44:17] [Server thread/INFO]: Birdo770 left the game
[19:44:20] [Server thread/INFO]: Stopping the server
[19:44:20] [Server thread/INFO]: Stopping server
[19:44:20] [Server thread/INFO]: [Oxyo-Core] Disabling Oxyo-Core v2.0.0
[19:44:20] [Server thread/INFO]: [EasyCraftAPI] Disabling EasyCraftAPI v1.2
[19:44:20] [Server thread/INFO]: [EasyCraftApi] DEBUG : PLUGIN UNLOADED
[19:44:20] [Server thread/INFO]: Saving players
[19:44:20] [Server thread/INFO]: Saving worlds
[19:44:20] [Server thread/INFO]: Saving chunks for level 'ServerLevel[world]'/minecraft:overworld
[19:44:20] [Server thread/INFO]: Saving chunks for level 'ServerLevel[world_nether]'/minecraft:the_nether
[19:44:20] [Server thread/INFO]: Saving chunks for level 'ServerLevel[world_the_end]'/minecraft:the_end
[19:44:20] [Server thread/INFO]: ThreadedAnvilChunkStorage (world): All chunks are saved
[19:44:20] [Server thread/INFO]: ThreadedAnvilChunkStorage (DIM-1): All chunks are saved
[19:44:20] [Server thread/INFO]: ThreadedAnvilChunkStorage (DIM1): All chunks are saved
[19:44:20] [Server thread/INFO]: ThreadedAnvilChunkStorage: All dimensions are saved
